sample.interval=20000
"findCenvVar" "getInlineInfo" "isBaseVar" "isLoopTopFun" "checkSkipLoopCntxt" "h" "tryInline" "cmpCall" "cmp" "h" "tryInline" "cmpCall" "cmp" "genCode" "cmpfun" "doTryCatch" "tryCatchOne" "tryCatchList" "tryCatch" "compiler:::tryCmpfun" "set_pattern" "simulate_withRealGenome" 
"chol.default" "chol" "t" "simulate_withRealGenome" 
"chol.default" "chol" "t" "simulate_withRealGenome" 
"chol.default" "chol" "t" "simulate_withRealGenome" 
"chol.default" "chol" "t" "simulate_withRealGenome" 
"chol.default" "chol" "t" "simulate_withRealGenome" 
"chol.default" "chol" "t" "simulate_withRealGenome" 
"chol.default" "chol" "t" "simulate_withRealGenome" 
"chol.default" "chol" "t" "simulate_withRealGenome" 
"chol.default" "chol" "t" "simulate_withRealGenome" 
"chol.default" "chol" "t" "simulate_withRealGenome" 
"chol.default" "chol" "t" "simulate_withRealGenome" 
"chol.default" "chol" "t" "simulate_withRealGenome" 
"chol.default" "chol" "t" "simulate_withRealGenome" 
"chol.default" "chol" "t" "simulate_withRealGenome" 
"chol.default" "chol" "t" "simulate_withRealGenome" 
"chol.default" "chol" "t" "simulate_withRealGenome" 
"chol.default" "chol" "t" "simulate_withRealGenome" 
"chol.default" "chol" "t" "simulate_withRealGenome" 
"chol.default" "chol" "t" "simulate_withRealGenome" 
"chol.default" "chol" "t" "simulate_withRealGenome" 
"chol.default" "chol" "t" "simulate_withRealGenome" 
"chol.default" "chol" "t" "simulate_withRealGenome" 
"chol.default" "chol" "t" "simulate_withRealGenome" 
"chol.default" "chol" "t" "simulate_withRealGenome" 
"chol.default" "chol" "t" "simulate_withRealGenome" 
"chol.default" "chol" "t" "simulate_withRealGenome" 
"chol.default" "chol" "t" "simulate_withRealGenome" 
"chol.default" "chol" "t" "simulate_withRealGenome" 
"chol.default" "chol" "t" "simulate_withRealGenome" 
"chol.default" "chol" "t" "simulate_withRealGenome" 
"chol.default" "chol" "t" "simulate_withRealGenome" 
"chol.default" "chol" "t" "simulate_withRealGenome" 
"chol.default" "chol" "t" "simulate_withRealGenome" 
"chol.default" "chol" "t" "simulate_withRealGenome" 
"chol.default" "chol" "t" "simulate_withRealGenome" 
"chol.default" "chol" "t" "simulate_withRealGenome" 
"chol.default" "chol" "t" "simulate_withRealGenome" 
"chol.default" "chol" "t" "simulate_withRealGenome" 
"chol.default" "chol" "t" "simulate_withRealGenome" 
"chol.default" "chol" "t" "simulate_withRealGenome" 
"chol.default" "chol" "t" "simulate_withRealGenome" 
"chol.default" "chol" "t" "simulate_withRealGenome" 
"chol.default" "chol" "t" "simulate_withRealGenome" 
"chol.default" "chol" "t" "simulate_withRealGenome" 
"chol.default" "chol" "t" "simulate_withRealGenome" 
"chol.default" "chol" "t" "simulate_withRealGenome" 
"chol.default" "chol" "t" "simulate_withRealGenome" 
"chol.default" "chol" "t" "simulate_withRealGenome" 
"chol.default" "chol" "t" "simulate_withRealGenome" 
"chol.default" "chol" "t" "simulate_withRealGenome" 
"chol.default" "chol" "t" "simulate_withRealGenome" 
"chol.default" "chol" "t" "simulate_withRealGenome" 
"chol.default" "chol" "t" "simulate_withRealGenome" 
"chol.default" "chol" "t" "simulate_withRealGenome" 
"chol.default" "chol" "t" "simulate_withRealGenome" 
"chol.default" "chol" "t" "simulate_withRealGenome" 
"chol.default" "chol" "t" "simulate_withRealGenome" 
"chol.default" "chol" "t" "simulate_withRealGenome" 
"chol.default" "chol" "t" "simulate_withRealGenome" 
"chol.default" "chol" "t" "simulate_withRealGenome" 
"chol.default" "chol" "t" "simulate_withRealGenome" 
"chol.default" "chol" "t" "simulate_withRealGenome" 
"chol.default" "chol" "t" "simulate_withRealGenome" 
"chol.default" "chol" "t" "simulate_withRealGenome" 
"chol.default" "chol" "t" "simulate_withRealGenome" 
"chol.default" "chol" "t" "simulate_withRealGenome" 
"chol.default" "chol" "t" "simulate_withRealGenome" 
"chol.default" "chol" "t" "simulate_withRealGenome" 
"chol.default" "chol" "t" "simulate_withRealGenome" 
"chol.default" "chol" "t" "simulate_withRealGenome" 
"chol.default" "chol" "t" "simulate_withRealGenome" 
"chol.default" "chol" "t" "simulate_withRealGenome" 
"chol.default" "chol" "t" "simulate_withRealGenome" 
"chol.default" "chol" "t" "simulate_withRealGenome" 
"chol.default" "chol" "t" "simulate_withRealGenome" 
"chol.default" "chol" "t" "simulate_withRealGenome" 
"chol.default" "chol" "t" "simulate_withRealGenome" 
"chol.default" "chol" "t" "simulate_withRealGenome" 
"chol.default" "chol" "t" "simulate_withRealGenome" 
"chol.default" "chol" "t" "simulate_withRealGenome" 
"chol.default" "chol" "t" "simulate_withRealGenome" 
"chol.default" "chol" "t" "simulate_withRealGenome" 
"chol.default" "chol" "t" "simulate_withRealGenome" 
"chol.default" "chol" "t" "simulate_withRealGenome" 
"chol.default" "chol" "t" "simulate_withRealGenome" 
"chol.default" "chol" "t" "simulate_withRealGenome" 
"chol.default" "chol" "t" "simulate_withRealGenome" 
"chol.default" "chol" "t" "simulate_withRealGenome" 
"chol.default" "chol" "t" "simulate_withRealGenome" 
"chol.default" "chol" "t" "simulate_withRealGenome" 
"chol.default" "chol" "t" "simulate_withRealGenome" 
"chol.default" "chol" "t" "simulate_withRealGenome" 
"chol.default" "chol" "t" "simulate_withRealGenome" 
"chol.default" "chol" "t" "simulate_withRealGenome" 
"chol.default" "chol" "t" "simulate_withRealGenome" 
"chol.default" "chol" "t" "simulate_withRealGenome" 
"chol.default" "chol" "t" "simulate_withRealGenome" 
"chol.default" "chol" "t" "simulate_withRealGenome" 
"chol.default" "chol" "t" "simulate_withRealGenome" 
"chol.default" "chol" "t" "simulate_withRealGenome" 
"chol.default" "chol" "t" "simulate_withRealGenome" 
"chol.default" "chol" "t" "simulate_withRealGenome" 
"chol.default" "chol" "t" "simulate_withRealGenome" 
"chol.default" "chol" "t" "simulate_withRealGenome" 
"chol.default" "chol" "t" "simulate_withRealGenome" 
"chol.default" "chol" "t" "simulate_withRealGenome" 
"chol.default" "chol" "t" "simulate_withRealGenome" 
"chol.default" "chol" "t" "simulate_withRealGenome" 
"chol.default" "chol" "t" "simulate_withRealGenome" 
"chol.default" "chol" "t" "simulate_withRealGenome" 
"chol.default" "chol" "t" "simulate_withRealGenome" 
"chol.default" "chol" "t" "simulate_withRealGenome" 
"chol.default" "chol" "t" "simulate_withRealGenome" 
"chol.default" "chol" "t" "simulate_withRealGenome" 
"chol.default" "chol" "t" "simulate_withRealGenome" 
"chol.default" "chol" "t" "simulate_withRealGenome" 
"chol.default" "chol" "t" "simulate_withRealGenome" 
"chol.default" "chol" "t" "simulate_withRealGenome" 
"chol.default" "chol" "t" "simulate_withRealGenome" 
"chol.default" "chol" "t" "simulate_withRealGenome" 
"chol.default" "chol" "t" "simulate_withRealGenome" 
"chol.default" "chol" "t" "simulate_withRealGenome" 
"chol.default" "chol" "t" "simulate_withRealGenome" 
"chol.default" "chol" "t" "simulate_withRealGenome" 
"chol.default" "chol" "t" "simulate_withRealGenome" 
"chol.default" "chol" "t" "simulate_withRealGenome" 
"chol.default" "chol" "t" "simulate_withRealGenome" 
"chol.default" "chol" "t" "simulate_withRealGenome" 
"chol.default" "chol" "t" "simulate_withRealGenome" 
"chol.default" "chol" "t" "simulate_withRealGenome" 
"chol.default" "chol" "t" "simulate_withRealGenome" 
"chol.default" "chol" "t" "simulate_withRealGenome" 
"chol.default" "chol" "t" "simulate_withRealGenome" 
"chol.default" "chol" "t" "simulate_withRealGenome" 
"chol.default" "chol" "t" "simulate_withRealGenome" 
"chol.default" "chol" "t" "simulate_withRealGenome" 
"chol.default" "chol" "t" "simulate_withRealGenome" 
"chol.default" "chol" "t" "simulate_withRealGenome" 
"chol.default" "chol" "t" "simulate_withRealGenome" 
"chol.default" "chol" "t" "simulate_withRealGenome" 
"chol.default" "chol" "t" "simulate_withRealGenome" 
"chol.default" "chol" "t" "simulate_withRealGenome" 
"chol.default" "chol" "t" "simulate_withRealGenome" 
"chol.default" "chol" "t" "simulate_withRealGenome" 
"chol.default" "chol" "t" "simulate_withRealGenome" 
"chol.default" "chol" "t" "simulate_withRealGenome" 
"chol.default" "chol" "t" "simulate_withRealGenome" 
"chol.default" "chol" "t" "simulate_withRealGenome" 
"chol.default" "chol" "t" "simulate_withRealGenome" 
"chol.default" "chol" "t" "simulate_withRealGenome" 
"chol.default" "chol" "t" "simulate_withRealGenome" 
"chol.default" "chol" "t" "simulate_withRealGenome" 
"chol.default" "chol" "t" "simulate_withRealGenome" 
"chol.default" "chol" "t" "simulate_withRealGenome" 
"chol.default" "chol" "t" "simulate_withRealGenome" 
"chol.default" "chol" "t" "simulate_withRealGenome" 
"chol.default" "chol" "t" "simulate_withRealGenome" 
"chol.default" "chol" "t" "simulate_withRealGenome" 
"chol.default" "chol" "t" "simulate_withRealGenome" 
"chol.default" "chol" "t" "simulate_withRealGenome" 
"chol.default" "chol" "t" "simulate_withRealGenome" 
"chol.default" "chol" "t" "simulate_withRealGenome" 
"chol.default" "chol" "t" "simulate_withRealGenome" 
"chol.default" "chol" "t" "simulate_withRealGenome" 
"chol.default" "chol" "t" "simulate_withRealGenome" 
"chol.default" "chol" "t" "simulate_withRealGenome" 
"chol.default" "chol" "t" "simulate_withRealGenome" 
"chol.default" "chol" "t" "simulate_withRealGenome" 
"chol.default" "chol" "t" "simulate_withRealGenome" 
"chol.default" "chol" "t" "simulate_withRealGenome" 
"chol.default" "chol" "t" "simulate_withRealGenome" 
"chol.default" "chol" "t" "simulate_withRealGenome" 
"chol.default" "chol" "t" "simulate_withRealGenome" 
"chol.default" "chol" "t" "simulate_withRealGenome" 
"chol.default" "chol" "t" "simulate_withRealGenome" 
"chol.default" "chol" "t" "simulate_withRealGenome" 
"chol.default" "chol" "t" "simulate_withRealGenome" 
"chol.default" "chol" "t" "simulate_withRealGenome" 
"chol.default" "chol" "t" "simulate_withRealGenome" 
"chol.default" "chol" "t" "simulate_withRealGenome" 
"chol.default" "chol" "t" "simulate_withRealGenome" 
"chol.default" "chol" "t" "simulate_withRealGenome" 
"chol.default" "chol" "t" "simulate_withRealGenome" 
"chol.default" "chol" "t" "simulate_withRealGenome" 
"chol.default" "chol" "t" "simulate_withRealGenome" 
"chol.default" "chol" "t" "simulate_withRealGenome" 
"chol.default" "chol" "t" "simulate_withRealGenome" 
"chol.default" "chol" "t" "simulate_withRealGenome" 
"chol.default" "chol" "t" "simulate_withRealGenome" 
"chol.default" "chol" "t" "simulate_withRealGenome" 
"chol.default" "chol" "t" "simulate_withRealGenome" 
"chol.default" "chol" "t" "simulate_withRealGenome" 
"chol.default" "chol" "t" "simulate_withRealGenome" 
"chol.default" "chol" "t" "simulate_withRealGenome" 
"chol.default" "chol" "t" "simulate_withRealGenome" 
"chol.default" "chol" "t" "simulate_withRealGenome" 
"chol.default" "chol" "t" "simulate_withRealGenome" 
"chol.default" "chol" "t" "simulate_withRealGenome" 
"chol.default" "chol" "t" "simulate_withRealGenome" 
"chol.default" "chol" "t" "simulate_withRealGenome" 
"chol.default" "chol" "t" "simulate_withRealGenome" 
"chol.default" "chol" "t" "simulate_withRealGenome" 
"chol.default" "chol" "t" "simulate_withRealGenome" 
"chol.default" "chol" "t" "simulate_withRealGenome" 
"chol.default" "chol" "t" "simulate_withRealGenome" 
"chol.default" "chol" "t" "simulate_withRealGenome" 
"chol.default" "chol" "t" "simulate_withRealGenome" 
"chol.default" "chol" "t" "simulate_withRealGenome" 
"chol.default" "chol" "t" "simulate_withRealGenome" 
"chol.default" "chol" "t" "simulate_withRealGenome" 
"chol.default" "chol" "t" "simulate_withRealGenome" 
"chol.default" "chol" "t" "simulate_withRealGenome" 
"chol.default" "chol" "t" "simulate_withRealGenome" 
"chol.default" "chol" "t" "simulate_withRealGenome" 
"chol.default" "chol" "t" "simulate_withRealGenome" 
"chol.default" "chol" "t" "simulate_withRealGenome" 
"chol.default" "chol" "t" "simulate_withRealGenome" 
"chol.default" "chol" "t" "simulate_withRealGenome" 
"chol.default" "chol" "t" "simulate_withRealGenome" 
"chol.default" "chol" "t" "simulate_withRealGenome" 
"chol.default" "chol" "t" "simulate_withRealGenome" 
"chol.default" "chol" "t" "simulate_withRealGenome" 
"chol.default" "chol" "t" "simulate_withRealGenome" 
"chol.default" "chol" "t" "simulate_withRealGenome" 
"chol.default" "chol" "t" "simulate_withRealGenome" 
"chol.default" "chol" "t" "simulate_withRealGenome" 
"chol.default" "chol" "t" "simulate_withRealGenome" 
"chol.default" "chol" "t" "simulate_withRealGenome" 
"chol.default" "chol" "t" "simulate_withRealGenome" 
"chol.default" "chol" "t" "simulate_withRealGenome" 
"chol.default" "chol" "t" "simulate_withRealGenome" 
"chol.default" "chol" "t" "simulate_withRealGenome" 
"chol.default" "chol" "t" "simulate_withRealGenome" 
"chol.default" "chol" "t" "simulate_withRealGenome" 
"chol.default" "chol" "t" "simulate_withRealGenome" 
"chol.default" "chol" "t" "simulate_withRealGenome" 
"chol.default" "chol" "t" "simulate_withRealGenome" 
"chol.default" "chol" "t" "simulate_withRealGenome" 
"chol.default" "chol" "t" "simulate_withRealGenome" 
"chol.default" "chol" "t" "simulate_withRealGenome" 
"chol.default" "chol" "t" "simulate_withRealGenome" 
"chol.default" "chol" "t" "simulate_withRealGenome" 
"chol.default" "chol" "t" "simulate_withRealGenome" 
"chol.default" "chol" "t" "simulate_withRealGenome" 
"chol.default" "chol" "t" "simulate_withRealGenome" 
"chol.default" "chol" "t" "simulate_withRealGenome" 
"chol.default" "chol" "t" "simulate_withRealGenome" 
"chol.default" "chol" "t" "simulate_withRealGenome" 
"chol.default" "chol" "t" "simulate_withRealGenome" 
"chol.default" "chol" "t" "simulate_withRealGenome" 
"chol.default" "chol" "t" "simulate_withRealGenome" 
"chol.default" "chol" "t" "simulate_withRealGenome" 
"chol.default" "chol" "t" "simulate_withRealGenome" 
"chol.default" "chol" "t" "simulate_withRealGenome" 
"chol.default" "chol" "t" "simulate_withRealGenome" 
"chol.default" "chol" "t" "simulate_withRealGenome" 
"chol.default" "chol" "t" "simulate_withRealGenome" 
"chol.default" "chol" "t" "simulate_withRealGenome" 
"chol.default" "chol" "t" "simulate_withRealGenome" 
"chol.default" "chol" "t" "simulate_withRealGenome" 
"chol.default" "chol" "t" "simulate_withRealGenome" 
"chol.default" "chol" "t" "simulate_withRealGenome" 
"chol.default" "chol" "t" "simulate_withRealGenome" 
"chol.default" "chol" "t" "simulate_withRealGenome" 
"chol.default" "chol" "t" "simulate_withRealGenome" 
"chol.default" "chol" "t" "simulate_withRealGenome" 
"chol.default" "chol" "t" "simulate_withRealGenome" 
"chol.default" "chol" "t" "simulate_withRealGenome" 
"chol.default" "chol" "t" "simulate_withRealGenome" 
"chol.default" "chol" "t" "simulate_withRealGenome" 
"chol.default" "chol" "t" "simulate_withRealGenome" 
"chol.default" "chol" "t" "simulate_withRealGenome" 
"chol.default" "chol" "t" "simulate_withRealGenome" 
"chol.default" "chol" "t" "simulate_withRealGenome" 
"chol.default" "chol" "t" "simulate_withRealGenome" 
"t.default" "t" "simulate_withRealGenome" 
"t.default" "t" "simulate_withRealGenome" 
"t.default" "t" "simulate_withRealGenome" 
"t.default" "t" "simulate_withRealGenome" 
"rnorm" "matrix" "simulate_withRealGenome" 
"rnorm" "matrix" "simulate_withRealGenome" 
"rnorm" "matrix" "simulate_withRealGenome" 
"rnorm" "matrix" "simulate_withRealGenome" 
"rnorm" "matrix" "simulate_withRealGenome" 
"rnorm" "matrix" "simulate_withRealGenome" 
"rnorm" "matrix" "simulate_withRealGenome" 
"rnorm" "matrix" "simulate_withRealGenome" 
"rnorm" "matrix" "simulate_withRealGenome" 
"rnorm" "matrix" "simulate_withRealGenome" 
"rnorm" "matrix" "simulate_withRealGenome" 
"rnorm" "matrix" "simulate_withRealGenome" 
"rnorm" "matrix" "simulate_withRealGenome" 
"matrix" "simulate_withRealGenome" 
"%*%" "t" "simulate_withRealGenome" 
"%*%" "t" "simulate_withRealGenome" 
"%*%" "t" "simulate_withRealGenome" 
"%*%" "t" "simulate_withRealGenome" 
"%*%" "t" "simulate_withRealGenome" 
"%*%" "t" "simulate_withRealGenome" 
"%*%" "t" "simulate_withRealGenome" 
"%*%" "t" "simulate_withRealGenome" 
"%*%" "t" "simulate_withRealGenome" 
"%*%" "t" "simulate_withRealGenome" 
"%*%" "t" "simulate_withRealGenome" 
"%*%" "t" "simulate_withRealGenome" 
"%*%" "t" "simulate_withRealGenome" 
"%*%" "t" "simulate_withRealGenome" 
"%*%" "t" "simulate_withRealGenome" 
"%*%" "t" "simulate_withRealGenome" 
"%*%" "t" "simulate_withRealGenome" 
"%*%" "t" "simulate_withRealGenome" 
"%*%" "t" "simulate_withRealGenome" 
"%*%" "t" "simulate_withRealGenome" 
"%*%" "t" "simulate_withRealGenome" 
"%*%" "t" "simulate_withRealGenome" 
"%*%" "t" "simulate_withRealGenome" 
"%*%" "t" "simulate_withRealGenome" 
"%*%" "t" "simulate_withRealGenome" 
"%*%" "t" "simulate_withRealGenome" 
"%*%" "t" "simulate_withRealGenome" 
"%*%" "t" "simulate_withRealGenome" 
"%*%" "t" "simulate_withRealGenome" 
"%*%" "t" "simulate_withRealGenome" 
"%*%" "t" "simulate_withRealGenome" 
"%*%" "t" "simulate_withRealGenome" 
"%*%" "t" "simulate_withRealGenome" 
"%*%" "t" "simulate_withRealGenome" 
"%*%" "t" "simulate_withRealGenome" 
"%*%" "t" "simulate_withRealGenome" 
"%*%" "t" "simulate_withRealGenome" 
"%*%" "t" "simulate_withRealGenome" 
"%*%" "t" "simulate_withRealGenome" 
"%*%" "t" "simulate_withRealGenome" 
"%*%" "t" "simulate_withRealGenome" 
"%*%" "t" "simulate_withRealGenome" 
"%*%" "t" "simulate_withRealGenome" 
"%*%" "t" "simulate_withRealGenome" 
"%*%" "t" "simulate_withRealGenome" 
"%*%" "t" "simulate_withRealGenome" 
"%*%" "t" "simulate_withRealGenome" 
"%*%" "t" "simulate_withRealGenome" 
"%*%" "t" "simulate_withRealGenome" 
"%*%" "t" "simulate_withRealGenome" 
"%*%" "t" "simulate_withRealGenome" 
"%*%" "t" "simulate_withRealGenome" 
"%*%" "t" "simulate_withRealGenome" 
"%*%" "t" "simulate_withRealGenome" 
"%*%" "t" "simulate_withRealGenome" 
"%*%" "t" "simulate_withRealGenome" 
"%*%" "t" "simulate_withRealGenome" 
"%*%" "t" "simulate_withRealGenome" 
"%*%" "t" "simulate_withRealGenome" 
"%*%" "t" "simulate_withRealGenome" 
"%*%" "t" "simulate_withRealGenome" 
"%*%" "t" "simulate_withRealGenome" 
"%*%" "t" "simulate_withRealGenome" 
"%*%" "t" "simulate_withRealGenome" 
"%*%" "t" "simulate_withRealGenome" 
"%*%" "t" "simulate_withRealGenome" 
"%*%" "t" "simulate_withRealGenome" 
"%*%" "t" "simulate_withRealGenome" 
"%*%" "t" "simulate_withRealGenome" 
"%*%" "t" "simulate_withRealGenome" 
"%*%" "t" "simulate_withRealGenome" 
"%*%" "t" "simulate_withRealGenome" 
"%*%" "t" "simulate_withRealGenome" 
"%*%" "t" "simulate_withRealGenome" 
"%*%" "t" "simulate_withRealGenome" 
"%*%" "t" "simulate_withRealGenome" 
"%*%" "t" "simulate_withRealGenome" 
"%*%" "t" "simulate_withRealGenome" 
"%*%" "t" "simulate_withRealGenome" 
"%*%" "t" "simulate_withRealGenome" 
"%*%" "t" "simulate_withRealGenome" 
"%*%" "t" "simulate_withRealGenome" 
"%*%" "t" "simulate_withRealGenome" 
"%*%" "t" "simulate_withRealGenome" 
"%*%" "t" "simulate_withRealGenome" 
"%*%" "t" "simulate_withRealGenome" 
"%*%" "t" "simulate_withRealGenome" 
"%*%" "t" "simulate_withRealGenome" 
"%*%" "t" "simulate_withRealGenome" 
"%*%" "t" "simulate_withRealGenome" 
"%*%" "t" "simulate_withRealGenome" 
"%*%" "t" "simulate_withRealGenome" 
"%*%" "t" "simulate_withRealGenome" 
"%*%" "t" "simulate_withRealGenome" 
"%*%" "t" "simulate_withRealGenome" 
"%*%" "t" "simulate_withRealGenome" 
"%*%" "t" "simulate_withRealGenome" 
"%*%" "t" "simulate_withRealGenome" 
"%*%" "t" "simulate_withRealGenome" 
"%*%" "t" "simulate_withRealGenome" 
"%*%" "t" "simulate_withRealGenome" 
"%*%" "t" "simulate_withRealGenome" 
"%*%" "t" "simulate_withRealGenome" 
"%*%" "t" "simulate_withRealGenome" 
"%*%" "t" "simulate_withRealGenome" 
"%*%" "t" "simulate_withRealGenome" 
"%*%" "t" "simulate_withRealGenome" 
"%*%" "t" "simulate_withRealGenome" 
"%*%" "t" "simulate_withRealGenome" 
"%*%" "t" "simulate_withRealGenome" 
"%*%" "t" "simulate_withRealGenome" 
"%*%" "t" "simulate_withRealGenome" 
"%*%" "t" "simulate_withRealGenome" 
"%*%" "t" "simulate_withRealGenome" 
"%*%" "t" "simulate_withRealGenome" 
"%*%" "t" "simulate_withRealGenome" 
"%*%" "t" "simulate_withRealGenome" 
"%*%" "t" "simulate_withRealGenome" 
"%*%" "t" "simulate_withRealGenome" 
"%*%" "t" "simulate_withRealGenome" 
"%*%" "t" "simulate_withRealGenome" 
"%*%" "t" "simulate_withRealGenome" 
"%*%" "t" "simulate_withRealGenome" 
"%*%" "t" "simulate_withRealGenome" 
"%*%" "t" "simulate_withRealGenome" 
"%*%" "t" "simulate_withRealGenome" 
"%*%" "t" "simulate_withRealGenome" 
"%*%" "t" "simulate_withRealGenome" 
"%*%" "t" "simulate_withRealGenome" 
"%*%" "t" "simulate_withRealGenome" 
"%*%" "t" "simulate_withRealGenome" 
"%*%" "t" "simulate_withRealGenome" 
"%*%" "t" "simulate_withRealGenome" 
"%*%" "t" "simulate_withRealGenome" 
"%*%" "t" "simulate_withRealGenome" 
"%*%" "t" "simulate_withRealGenome" 
"%*%" "t" "simulate_withRealGenome" 
"%*%" "t" "simulate_withRealGenome" 
"%*%" "t" "simulate_withRealGenome" 
"%*%" "t" "simulate_withRealGenome" 
"%*%" "t" "simulate_withRealGenome" 
"%*%" "t" "simulate_withRealGenome" 
"%*%" "t" "simulate_withRealGenome" 
"%*%" "t" "simulate_withRealGenome" 
"%*%" "t" "simulate_withRealGenome" 
"%*%" "t" "simulate_withRealGenome" 
"%*%" "t" "simulate_withRealGenome" 
"%*%" "t" "simulate_withRealGenome" 
"%*%" "t" "simulate_withRealGenome" 
"%*%" "t" "simulate_withRealGenome" 
"%*%" "t" "simulate_withRealGenome" 
"%*%" "t" "simulate_withRealGenome" 
"%*%" "t" "simulate_withRealGenome" 
"%*%" "t" "simulate_withRealGenome" 
"%*%" "t" "simulate_withRealGenome" 
"%*%" "t" "simulate_withRealGenome" 
"%*%" "t" "simulate_withRealGenome" 
"%*%" "t" "simulate_withRealGenome" 
"%*%" "t" "simulate_withRealGenome" 
"%*%" "t" "simulate_withRealGenome" 
"%*%" "t" "simulate_withRealGenome" 
"%*%" "t" "simulate_withRealGenome" 
"%*%" "t" "simulate_withRealGenome" 
"%*%" "t" "simulate_withRealGenome" 
"%*%" "t" "simulate_withRealGenome" 
"%*%" "t" "simulate_withRealGenome" 
"%*%" "t" "simulate_withRealGenome" 
"%*%" "t" "simulate_withRealGenome" 
"%*%" "t" "simulate_withRealGenome" 
"%*%" "t" "simulate_withRealGenome" 
"%*%" "t" "simulate_withRealGenome" 
"%*%" "t" "simulate_withRealGenome" 
"%*%" "t" "simulate_withRealGenome" 
"%*%" "t" "simulate_withRealGenome" 
"%*%" "t" "simulate_withRealGenome" 
"%*%" "t" "simulate_withRealGenome" 
"%*%" "t" "simulate_withRealGenome" 
"%*%" "t" "simulate_withRealGenome" 
"%*%" "t" "simulate_withRealGenome" 
"%*%" "t" "simulate_withRealGenome" 
"%*%" "t" "simulate_withRealGenome" 
"%*%" "t" "simulate_withRealGenome" 
"%*%" "t" "simulate_withRealGenome" 
"%*%" "t" "simulate_withRealGenome" 
"%*%" "t" "simulate_withRealGenome" 
"%*%" "t" "simulate_withRealGenome" 
"%*%" "t" "simulate_withRealGenome" 
"%*%" "t" "simulate_withRealGenome" 
"%*%" "t" "simulate_withRealGenome" 
"%*%" "t" "simulate_withRealGenome" 
"%*%" "t" "simulate_withRealGenome" 
"%*%" "t" "simulate_withRealGenome" 
"%*%" "t" "simulate_withRealGenome" 
"%*%" "t" "simulate_withRealGenome" 
"%*%" "t" "simulate_withRealGenome" 
"%*%" "t" "simulate_withRealGenome" 
"%*%" "t" "simulate_withRealGenome" 
"%*%" "t" "simulate_withRealGenome" 
"%*%" "t" "simulate_withRealGenome" 
"%*%" "t" "simulate_withRealGenome" 
"%*%" "t" "simulate_withRealGenome" 
"%*%" "t" "simulate_withRealGenome" 
"%*%" "t" "simulate_withRealGenome" 
"%*%" "t" "simulate_withRealGenome" 
"%*%" "t" "simulate_withRealGenome" 
"%*%" "t" "simulate_withRealGenome" 
"%*%" "t" "simulate_withRealGenome" 
"%*%" "t" "simulate_withRealGenome" 
"%*%" "t" "simulate_withRealGenome" 
"%*%" "t" "simulate_withRealGenome" 
"%*%" "t" "simulate_withRealGenome" 
"%*%" "t" "simulate_withRealGenome" 
"%*%" "t" "simulate_withRealGenome" 
"%*%" "t" "simulate_withRealGenome" 
"%*%" "t" "simulate_withRealGenome" 
"%*%" "t" "simulate_withRealGenome" 
"%*%" "t" "simulate_withRealGenome" 
"%*%" "t" "simulate_withRealGenome" 
"%*%" "t" "simulate_withRealGenome" 
"%*%" "t" "simulate_withRealGenome" 
"%*%" "t" "simulate_withRealGenome" 
"%*%" "t" "simulate_withRealGenome" 
"%*%" "t" "simulate_withRealGenome" 
"%*%" "t" "simulate_withRealGenome" 
"%*%" "t" "simulate_withRealGenome" 
"%*%" "t" "simulate_withRealGenome" 
"%*%" "t" "simulate_withRealGenome" 
"%*%" "t" "simulate_withRealGenome" 
"%*%" "t" "simulate_withRealGenome" 
"%*%" "t" "simulate_withRealGenome" 
"%*%" "t" "simulate_withRealGenome" 
"%*%" "t" "simulate_withRealGenome" 
"%*%" "t" "simulate_withRealGenome" 
"%*%" "t" "simulate_withRealGenome" 
"%*%" "t" "simulate_withRealGenome" 
"%*%" "t" "simulate_withRealGenome" 
"%*%" "t" "simulate_withRealGenome" 
"%*%" "t" "simulate_withRealGenome" 
"%*%" "t" "simulate_withRealGenome" 
"%*%" "t" "simulate_withRealGenome" 
"%*%" "t" "simulate_withRealGenome" 
"%*%" "t" "simulate_withRealGenome" 
"%*%" "t" "simulate_withRealGenome" 
"%*%" "t" "simulate_withRealGenome" 
"%*%" "t" "simulate_withRealGenome" 
"%*%" "t" "simulate_withRealGenome" 
"%*%" "t" "simulate_withRealGenome" 
"%*%" "t" "simulate_withRealGenome" 
"%*%" "t" "simulate_withRealGenome" 
"%*%" "t" "simulate_withRealGenome" 
"%*%" "t" "simulate_withRealGenome" 
"%*%" "t" "simulate_withRealGenome" 
"%*%" "t" "simulate_withRealGenome" 
"%*%" "t" "simulate_withRealGenome" 
"%*%" "t" "simulate_withRealGenome" 
"%*%" "t" "simulate_withRealGenome" 
"%*%" "t" "simulate_withRealGenome" 
"%*%" "t" "simulate_withRealGenome" 
"%*%" "t" "simulate_withRealGenome" 
"%*%" "t" "simulate_withRealGenome" 
"%*%" "t" "simulate_withRealGenome" 
"%*%" "t" "simulate_withRealGenome" 
"%*%" "t" "simulate_withRealGenome" 
"%*%" "t" "simulate_withRealGenome" 
"%*%" "t" "simulate_withRealGenome" 
"%*%" "t" "simulate_withRealGenome" 
"%*%" "t" "simulate_withRealGenome" 
"%*%" "t" "simulate_withRealGenome" 
"%*%" "t" "simulate_withRealGenome" 
"%*%" "t" "simulate_withRealGenome" 
"%*%" "t" "simulate_withRealGenome" 
"%*%" "t" "simulate_withRealGenome" 
"%*%" "t" "simulate_withRealGenome" 
"%*%" "t" "simulate_withRealGenome" 
"%*%" "t" "simulate_withRealGenome" 
"%*%" "t" "simulate_withRealGenome" 
"%*%" "t" "simulate_withRealGenome" 
"%*%" "t" "simulate_withRealGenome" 
"%*%" "t" "simulate_withRealGenome" 
"%*%" "t" "simulate_withRealGenome" 
"%*%" "t" "simulate_withRealGenome" 
"%*%" "t" "simulate_withRealGenome" 
"%*%" "t" "simulate_withRealGenome" 
"%*%" "t" "simulate_withRealGenome" 
"%*%" "t" "simulate_withRealGenome" 
"%*%" "t" "simulate_withRealGenome" 
"%*%" "t" "simulate_withRealGenome" 
"%*%" "t" "simulate_withRealGenome" 
"%*%" "t" "simulate_withRealGenome" 
"%*%" "t" "simulate_withRealGenome" 
"%*%" "t" "simulate_withRealGenome" 
"%*%" "t" "simulate_withRealGenome" 
"%*%" "t" "simulate_withRealGenome" 
"%*%" "t" "simulate_withRealGenome" 
"%*%" "t" "simulate_withRealGenome" 
"%*%" "t" "simulate_withRealGenome" 
"%*%" "t" "simulate_withRealGenome" 
"%*%" "t" "simulate_withRealGenome" 
"%*%" "t" "simulate_withRealGenome" 
"%*%" "t" "simulate_withRealGenome" 
"%*%" "t" "simulate_withRealGenome" 
"%*%" "t" "simulate_withRealGenome" 
"%*%" "t" "simulate_withRealGenome" 
"%*%" "t" "simulate_withRealGenome" 
"%*%" "t" "simulate_withRealGenome" 
"%*%" "t" "simulate_withRealGenome" 
"%*%" "t" "simulate_withRealGenome" 
"%*%" "t" "simulate_withRealGenome" 
"%*%" "t" "simulate_withRealGenome" 
"%*%" "t" "simulate_withRealGenome" 
"%*%" "t" "simulate_withRealGenome" 
"%*%" "t" "simulate_withRealGenome" 
"%*%" "t" "simulate_withRealGenome" 
"%*%" "t" "simulate_withRealGenome" 
"%*%" "t" "simulate_withRealGenome" 
"%*%" "t" "simulate_withRealGenome" 
"%*%" "t" "simulate_withRealGenome" 
"%*%" "t" "simulate_withRealGenome" 
"%*%" "t" "simulate_withRealGenome" 
"%*%" "t" "simulate_withRealGenome" 
"%*%" "t" "simulate_withRealGenome" 
"%*%" "t" "simulate_withRealGenome" 
"%*%" "t" "simulate_withRealGenome" 
"%*%" "t" "simulate_withRealGenome" 
"%*%" "t" "simulate_withRealGenome" 
"%*%" "t" "simulate_withRealGenome" 
"%*%" "t" "simulate_withRealGenome" 
"%*%" "t" "simulate_withRealGenome" 
"%*%" "t" "simulate_withRealGenome" 
"%*%" "t" "simulate_withRealGenome" 
"%*%" "t" "simulate_withRealGenome" 
"%*%" "t" "simulate_withRealGenome" 
"%*%" "t" "simulate_withRealGenome" 
"%*%" "t" "simulate_withRealGenome" 
"%*%" "t" "simulate_withRealGenome" 
"%*%" "t" "simulate_withRealGenome" 
"%*%" "t" "simulate_withRealGenome" 
"%*%" "t" "simulate_withRealGenome" 
"%*%" "t" "simulate_withRealGenome" 
"%*%" "t" "simulate_withRealGenome" 
"%*%" "t" "simulate_withRealGenome" 
"%*%" "t" "simulate_withRealGenome" 
"%*%" "t" "simulate_withRealGenome" 
"%*%" "t" "simulate_withRealGenome" 
"%*%" "t" "simulate_withRealGenome" 
"%*%" "t" "simulate_withRealGenome" 
"%*%" "t" "simulate_withRealGenome" 
"%*%" "t" "simulate_withRealGenome" 
"%*%" "t" "simulate_withRealGenome" 
"%*%" "t" "simulate_withRealGenome" 
"%*%" "t" "simulate_withRealGenome" 
"%*%" "t" "simulate_withRealGenome" 
"%*%" "t" "simulate_withRealGenome" 
"%*%" "t" "simulate_withRealGenome" 
"%*%" "t" "simulate_withRealGenome" 
"%*%" "t" "simulate_withRealGenome" 
"%*%" "t" "simulate_withRealGenome" 
"%*%" "t" "simulate_withRealGenome" 
"%*%" "t" "simulate_withRealGenome" 
"%*%" "t" "simulate_withRealGenome" 
"%*%" "t" "simulate_withRealGenome" 
"%*%" "t" "simulate_withRealGenome" 
"%*%" "t" "simulate_withRealGenome" 
"%*%" "t" "simulate_withRealGenome" 
"%*%" "t" "simulate_withRealGenome" 
"%*%" "t" "simulate_withRealGenome" 
"%*%" "t" "simulate_withRealGenome" 
"%*%" "t" "simulate_withRealGenome" 
"%*%" "t" "simulate_withRealGenome" 
"%*%" "t" "simulate_withRealGenome" 
"%*%" "t" "simulate_withRealGenome" 
"%*%" "t" "simulate_withRealGenome" 
"%*%" "t" "simulate_withRealGenome" 
"%*%" "t" "simulate_withRealGenome" 
"%*%" "t" "simulate_withRealGenome" 
"%*%" "t" "simulate_withRealGenome" 
"%*%" "t" "simulate_withRealGenome" 
"%*%" "t" "simulate_withRealGenome" 
"%*%" "t" "simulate_withRealGenome" 
"%*%" "t" "simulate_withRealGenome" 
"%*%" "t" "simulate_withRealGenome" 
"%*%" "t" "simulate_withRealGenome" 
"%*%" "t" "simulate_withRealGenome" 
"%*%" "t" "simulate_withRealGenome" 
"%*%" "t" "simulate_withRealGenome" 
"%*%" "t" "simulate_withRealGenome" 
"%*%" "t" "simulate_withRealGenome" 
"%*%" "t" "simulate_withRealGenome" 
"%*%" "t" "simulate_withRealGenome" 
"%*%" "t" "simulate_withRealGenome" 
"%*%" "t" "simulate_withRealGenome" 
"%*%" "t" "simulate_withRealGenome" 
"%*%" "t" "simulate_withRealGenome" 
"%*%" "t" "simulate_withRealGenome" 
"%*%" "t" "simulate_withRealGenome" 
"%*%" "t" "simulate_withRealGenome" 
"%*%" "t" "simulate_withRealGenome" 
"%*%" "t" "simulate_withRealGenome" 
"%*%" "t" "simulate_withRealGenome" 
"%*%" "t" "simulate_withRealGenome" 
"%*%" "t" "simulate_withRealGenome" 
"%*%" "t" "simulate_withRealGenome" 
"%*%" "t" "simulate_withRealGenome" 
"%*%" "t" "simulate_withRealGenome" 
"%*%" "t" "simulate_withRealGenome" 
"%*%" "t" "simulate_withRealGenome" 
"%*%" "t" "simulate_withRealGenome" 
"%*%" "t" "simulate_withRealGenome" 
"%*%" "t" "simulate_withRealGenome" 
"%*%" "t" "simulate_withRealGenome" 
"%*%" "t" "simulate_withRealGenome" 
"%*%" "t" "simulate_withRealGenome" 
"%*%" "t" "simulate_withRealGenome" 
"%*%" "t" "simulate_withRealGenome" 
"%*%" "t" "simulate_withRealGenome" 
"%*%" "t" "simulate_withRealGenome" 
"%*%" "t" "simulate_withRealGenome" 
"%*%" "t" "simulate_withRealGenome" 
"%*%" "t" "simulate_withRealGenome" 
"%*%" "t" "simulate_withRealGenome" 
"%*%" "t" "simulate_withRealGenome" 
"%*%" "t" "simulate_withRealGenome" 
"%*%" "t" "simulate_withRealGenome" 
"%*%" "t" "simulate_withRealGenome" 
"%*%" "t" "simulate_withRealGenome" 
"%*%" "t" "simulate_withRealGenome" 
"%*%" "t" "simulate_withRealGenome" 
"%*%" "t" "simulate_withRealGenome" 
"%*%" "t" "simulate_withRealGenome" 
"%*%" "t" "simulate_withRealGenome" 
"%*%" "t" "simulate_withRealGenome" 
"%*%" "t" "simulate_withRealGenome" 
"%*%" "t" "simulate_withRealGenome" 
"%*%" "t" "simulate_withRealGenome" 
"%*%" "t" "simulate_withRealGenome" 
"%*%" "t" "simulate_withRealGenome" 
"%*%" "t" "simulate_withRealGenome" 
"%*%" "t" "simulate_withRealGenome" 
"%*%" "t" "simulate_withRealGenome" 
"%*%" "t" "simulate_withRealGenome" 
"%*%" "t" "simulate_withRealGenome" 
"%*%" "t" "simulate_withRealGenome" 
"%*%" "t" "simulate_withRealGenome" 
"%*%" "t" "simulate_withRealGenome" 
"%*%" "t" "simulate_withRealGenome" 
"%*%" "t" "simulate_withRealGenome" 
"%*%" "t" "simulate_withRealGenome" 
"%*%" "t" "simulate_withRealGenome" 
"%*%" "t" "simulate_withRealGenome" 
"%*%" "t" "simulate_withRealGenome" 
"%*%" "t" "simulate_withRealGenome" 
"%*%" "t" "simulate_withRealGenome" 
"%*%" "t" "simulate_withRealGenome" 
"%*%" "t" "simulate_withRealGenome" 
"%*%" "t" "simulate_withRealGenome" 
"%*%" "t" "simulate_withRealGenome" 
"%*%" "t" "simulate_withRealGenome" 
"%*%" "t" "simulate_withRealGenome" 
"%*%" "t" "simulate_withRealGenome" 
"%*%" "t" "simulate_withRealGenome" 
"%*%" "t" "simulate_withRealGenome" 
"%*%" "t" "simulate_withRealGenome" 
"%*%" "t" "simulate_withRealGenome" 
"%*%" "t" "simulate_withRealGenome" 
"%*%" "t" "simulate_withRealGenome" 
"%*%" "t" "simulate_withRealGenome" 
"%*%" "t" "simulate_withRealGenome" 
"%*%" "t" "simulate_withRealGenome" 
"t.default" "t" "simulate_withRealGenome" 
"aperm.default" "aperm" "apply" "simulate_withRealGenome" 
"apply" "simulate_withRealGenome" 
"FUN" "apply" "simulate_withRealGenome" 
"is.data.frame" "FUN" "apply" "simulate_withRealGenome" 
"getExprSrcref" "cb$setcurexpr" "cmp" "cmpPrim1" "h" "tryInline" "cmpCall" "cmp" "cmpPrim2" "h" "tryInline" "cmpCall" "cmp" "h" "tryInline" "cmpCall" "cmp" "cmpPrim2" "h" "tryInline" "cmpCall" "cmp" "h" "tryInline" "cmpCall" "cmp" "h" "tryInline" "cmpCall" "cmp" "genCode" "cmpfun" "doTryCatch" "tryCatchOne" "tryCatchList" "tryCatch" "compiler:::tryCmpfun" "generate_dependence_pat" "simulate_withRealGenome" 
"checkAssign" "h" "tryInline" "cmpCall" "cmp" "h" "tryInline" "cmpCall" "cmp" "genCode" "cb$putconst" "cmpCallArgs" "cmpCallSymFun" "h" "tryInline" "cmpCall" "cmp" "h" "tryInline" "cmpCall" "cmp" "genCode" "cb$putconst" "cmpCallArgs" "cmpCallSymFun" "h" "tryInline" "cmpCall" "cmp" "h" "tryInline" "cmpCall" "cmp" "genCode" "cmpfun" "doTryCatch" "tryCatchOne" "tryCatchList" "tryCatch" "compiler:::tryCmpfun" "generate_dependence_pat" "simulate_withRealGenome" 
"exists" "findCenvVar" "getInlineInfo" "tryInline" "cmpCall" "cmp" "h" "tryInline" "cmpCall" "cmp" "genCode" "cmpfun" "doTryCatch" "tryCatchOne" "tryCatchList" "tryCatch" "compiler:::tryCmpfun" "generate_eff_sizes" "eval" "eval" "with.default" "with" "generate_dependence_pat" "simulate_withRealGenome" 
"findCenvVar" "getInlineInfo" "trySetterInline" "cmpSetterCall" "cmpComplexAssign" "h" "tryInline" "cmpCall" "cmp" "h" "tryInline" "cmpCall" "cmp" "genCode" "h" "tryInline" "cmpCall" "cmp" "genCode" "cb$putconst" "cmpCallArgs" "cmpCallSymFun" "cmpCall" "cmp" "cmpComplexAssign" "h" "tryInline" "cmpCall" "cmp" "h" "tryInline" "cmpCall" "cmp" "genCode" "cmpfun" "doTryCatch" "tryCatchOne" "tryCatchList" "tryCatch" "compiler:::tryCmpfun" "generate_eff_sizes" "eval" "eval" "with.default" "with" "generate_dependence_pat" "simulate_withRealGenome" 
"%*%" "eval" "eval" "with.default" "with" "eval" "eval" "with.default" "with" "generate_dependence_pat" "simulate_withRealGenome" 
"%*%" "eval" "eval" "with.default" "with" "eval" "eval" "with.default" "with" "generate_dependence_pat" "simulate_withRealGenome" 
"%*%" "eval" "eval" "with.default" "with" "eval" "eval" "with.default" "with" "generate_dependence_pat" "simulate_withRealGenome" 
"%*%" "eval" "eval" "with.default" "with" "eval" "eval" "with.default" "with" "generate_dependence_pat" "simulate_withRealGenome" 
"%*%" "eval" "eval" "with.default" "with" "eval" "eval" "with.default" "with" "generate_dependence_pat" "simulate_withRealGenome" 
"%*%" "eval" "eval" "with.default" "with" "eval" "eval" "with.default" "with" "generate_dependence_pat" "simulate_withRealGenome" 
"%*%" "eval" "eval" "with.default" "with" "eval" "eval" "with.default" "with" "generate_dependence_pat" "simulate_withRealGenome" 
"%*%" "eval" "eval" "with.default" "with" "eval" "eval" "with.default" "with" "generate_dependence_pat" "simulate_withRealGenome" 
"%*%" "eval" "eval" "with.default" "with" "eval" "eval" "with.default" "with" "generate_dependence_pat" "simulate_withRealGenome" 
"%*%" "eval" "eval" "with.default" "with" "eval" "eval" "with.default" "with" "generate_dependence_pat" "simulate_withRealGenome" 
"%*%" "eval" "eval" "with.default" "with" "eval" "eval" "with.default" "with" "generate_dependence_pat" "simulate_withRealGenome" 
"%*%" "eval" "eval" "with.default" "with" "eval" "eval" "with.default" "with" "generate_dependence_pat" "simulate_withRealGenome" 
"%*%" "eval" "eval" "with.default" "with" "eval" "eval" "with.default" "with" "generate_dependence_pat" "simulate_withRealGenome" 
"%*%" "eval" "eval" "with.default" "with" "eval" "eval" "with.default" "with" "generate_dependence_pat" "simulate_withRealGenome" 
"%*%" "eval" "eval" "with.default" "with" "eval" "eval" "with.default" "with" "generate_dependence_pat" "simulate_withRealGenome" 
"%*%" "eval" "eval" "with.default" "with" "eval" "eval" "with.default" "with" "generate_dependence_pat" "simulate_withRealGenome" 
"%*%" "eval" "eval" "with.default" "with" "eval" "eval" "with.default" "with" "generate_dependence_pat" "simulate_withRealGenome" 
"%*%" "eval" "eval" "with.default" "with" "eval" "eval" "with.default" "with" "generate_dependence_pat" "simulate_withRealGenome" 
"%*%" "eval" "eval" "with.default" "with" "eval" "eval" "with.default" "with" "generate_dependence_pat" "simulate_withRealGenome" 
"%*%" "eval" "eval" "with.default" "with" "eval" "eval" "with.default" "with" "generate_dependence_pat" "simulate_withRealGenome" 
"%*%" "eval" "eval" "with.default" "with" "eval" "eval" "with.default" "with" "generate_dependence_pat" "simulate_withRealGenome" 
"%*%" "eval" "eval" "with.default" "with" "eval" "eval" "with.default" "with" "generate_dependence_pat" "simulate_withRealGenome" 
"%*%" "eval" "eval" "with.default" "with" "eval" "eval" "with.default" "with" "generate_dependence_pat" "simulate_withRealGenome" 
"%*%" "eval" "eval" "with.default" "with" "eval" "eval" "with.default" "with" "generate_dependence_pat" "simulate_withRealGenome" 
"%*%" "eval" "eval" "with.default" "with" "eval" "eval" "with.default" "with" "generate_dependence_pat" "simulate_withRealGenome" 
"%*%" "eval" "eval" "with.default" "with" "eval" "eval" "with.default" "with" "generate_dependence_pat" "simulate_withRealGenome" 
"%*%" "eval" "eval" "with.default" "with" "eval" "eval" "with.default" "with" "generate_dependence_pat" "simulate_withRealGenome" 
"%*%" "eval" "eval" "with.default" "with" "eval" "eval" "with.default" "with" "generate_dependence_pat" "simulate_withRealGenome" 
"%*%" "eval" "eval" "with.default" "with" "eval" "eval" "with.default" "with" "generate_dependence_pat" "simulate_withRealGenome" 
"%*%" "eval" "eval" "with.default" "with" "eval" "eval" "with.default" "with" "generate_dependence_pat" "simulate_withRealGenome" 
"%*%" "eval" "eval" "with.default" "with" "eval" "eval" "with.default" "with" "generate_dependence_pat" "simulate_withRealGenome" 
"%*%" "eval" "eval" "with.default" "with" "eval" "eval" "with.default" "with" "generate_dependence_pat" "simulate_withRealGenome" 
"%*%" "eval" "eval" "with.default" "with" "eval" "eval" "with.default" "with" "generate_dependence_pat" "simulate_withRealGenome" 
"%*%" "eval" "eval" "with.default" "with" "eval" "eval" "with.default" "with" "generate_dependence_pat" "simulate_withRealGenome" 
"%*%" "eval" "eval" "with.default" "with" "eval" "eval" "with.default" "with" "generate_dependence_pat" "simulate_withRealGenome" 
"%*%" "eval" "eval" "with.default" "with" "eval" "eval" "with.default" "with" "generate_dependence_pat" "simulate_withRealGenome" 
"%*%" "eval" "eval" "with.default" "with" "eval" "eval" "with.default" "with" "generate_dependence_pat" "simulate_withRealGenome" 
"%*%" "eval" "eval" "with.default" "with" "eval" "eval" "with.default" "with" "generate_dependence_pat" "simulate_withRealGenome" 
"%*%" "eval" "eval" "with.default" "with" "eval" "eval" "with.default" "with" "generate_dependence_pat" "simulate_withRealGenome" 
"%*%" "eval" "eval" "with.default" "with" "eval" "eval" "with.default" "with" "generate_dependence_pat" "simulate_withRealGenome" 
"%*%" "eval" "eval" "with.default" "with" "eval" "eval" "with.default" "with" "generate_dependence_pat" "simulate_withRealGenome" 
"%*%" "eval" "eval" "with.default" "with" "eval" "eval" "with.default" "with" "generate_dependence_pat" "simulate_withRealGenome" 
"%*%" "eval" "eval" "with.default" "with" "eval" "eval" "with.default" "with" "generate_dependence_pat" "simulate_withRealGenome" 
"%*%" "eval" "eval" "with.default" "with" "eval" "eval" "with.default" "with" "generate_dependence_pat" "simulate_withRealGenome" 
"%*%" "eval" "eval" "with.default" "with" "eval" "eval" "with.default" "with" "generate_dependence_pat" "simulate_withRealGenome" 
"%*%" "eval" "eval" "with.default" "with" "eval" "eval" "with.default" "with" "generate_dependence_pat" "simulate_withRealGenome" 
"%*%" "eval" "eval" "with.default" "with" "eval" "eval" "with.default" "with" "generate_dependence_pat" "simulate_withRealGenome" 
"%*%" "eval" "eval" "with.default" "with" "eval" "eval" "with.default" "with" "generate_dependence_pat" "simulate_withRealGenome" 
"%*%" "eval" "eval" "with.default" "with" "eval" "eval" "with.default" "with" "generate_dependence_pat" "simulate_withRealGenome" 
"%*%" "eval" "eval" "with.default" "with" "eval" "eval" "with.default" "with" "generate_dependence_pat" "simulate_withRealGenome" 
"%*%" "eval" "eval" "with.default" "with" "eval" "eval" "with.default" "with" "generate_dependence_pat" "simulate_withRealGenome" 
"+" "eval" "eval" "with.default" "with" "eval" "eval" "with.default" "with" "generate_dependence_pat" "simulate_withRealGenome" 
