sample.interval=20000
"pnorm" "atlasqtl_global_local_core_" "atlasqtl" "FUN" "lapply" "sapply" "replicate" 
"pnorm" "eval" "eval" "with.default" "with" "atlasqtl_global_local_core_" "atlasqtl" "FUN" "lapply" "sapply" "replicate" 
"inv_mills_ratio_" "update_Z_" "eval" "eval" "with.default" "with" "atlasqtl_global_local_core_" "atlasqtl" "FUN" "lapply" "sapply" "replicate" 
"inv_mills_ratio_" "update_Z_" "eval" "eval" "with.default" "with" "atlasqtl_global_local_core_" "atlasqtl" "FUN" "lapply" "sapply" "replicate" 
"vapply" "order" "aperm.default" "aperm" "sweep" "update_m2_beta_" "eval" "eval" "with.default" "with" "atlasqtl_global_local_core_" "atlasqtl" "FUN" "lapply" "sapply" "replicate" 
"cat" "atlasqtl" "FUN" "lapply" "sapply" "replicate" 
"sweep" "update_m2_beta_" "eval" "eval" "with.default" "with" "atlasqtl_global_local_core_" "atlasqtl" "FUN" "lapply" "sapply" "replicate" 
"sample.int" "sample" "eval" "eval" "with.default" "with" "atlasqtl_global_local_core_" "atlasqtl" "FUN" "lapply" "sapply" "replicate" 
"inv_mills_ratio_" "update_Z_" "eval" "eval" "with.default" "with" "atlasqtl_global_local_core_" "atlasqtl" "FUN" "lapply" "sapply" "replicate" 
"eval" "eval" "with.default" "with" "atlasqtl_global_local_core_" "atlasqtl" "FUN" "lapply" "sapply" "replicate" 
"pnorm" "eval" "eval" "with.default" "with" "atlasqtl_global_local_core_" "atlasqtl" "FUN" "lapply" "sapply" "replicate" 
"update_Z_" "eval" "eval" "with.default" "with" "atlasqtl_global_local_core_" "atlasqtl" "FUN" "lapply" "sapply" "replicate" 
"eval" "eval" "with.default" "with" "atlasqtl_global_local_core_" "atlasqtl" "FUN" "lapply" "sapply" "replicate" 
"pnorm" "eval" "eval" "with.default" "with" "atlasqtl_global_local_core_" "atlasqtl" "FUN" "lapply" "sapply" "replicate" 
"inv_mills_ratio_" "update_Z_" "eval" "eval" "with.default" "with" "atlasqtl_global_local_core_" "atlasqtl" "FUN" "lapply" "sapply" "replicate" 
"pnorm" "eval" "eval" "with.default" "with" "atlasqtl_global_local_core_" "atlasqtl" "FUN" "lapply" "sapply" "replicate" 
"aperm.default" "aperm" "sweep" "eval" "eval" "with.default" "with" "atlasqtl_global_local_core_" "atlasqtl" "FUN" "lapply" "sapply" "replicate" 
"coreDualLoop" "eval" "eval" "with.default" "with" "atlasqtl_global_local_core_" "atlasqtl" "FUN" "lapply" "sapply" "replicate" 
"inv_mills_ratio_" "update_Z_" "eval" "eval" "with.default" "with" "atlasqtl_global_local_core_" "atlasqtl" "FUN" "lapply" "sapply" "replicate" 
"min" "sweep" "update_m2_beta_" "eval" "eval" "with.default" "with" "atlasqtl_global_local_core_" "atlasqtl" "FUN" "lapply" "sapply" "replicate" 
"pnorm" "eval" "eval" "with.default" "with" "atlasqtl_global_local_core_" "atlasqtl" "FUN" "lapply" "sapply" "replicate" 
"pnorm" "eval" "eval" "with.default" "with" "atlasqtl_global_local_core_" "atlasqtl" "FUN" "lapply" "sapply" "replicate" 
"pnorm" "eval" "eval" "with.default" "with" "atlasqtl_global_local_core_" "atlasqtl" "FUN" "lapply" "sapply" "replicate" 
"pnorm" "update_Z_" "eval" "eval" "with.default" "with" "atlasqtl_global_local_core_" "atlasqtl" "FUN" "lapply" "sapply" "replicate" 
"e_beta_gamma_" "elbo_global_local_" "eval" "eval" "with.default" "with" "atlasqtl_global_local_core_" "atlasqtl" "FUN" "lapply" "sapply" "replicate" 
"pnorm" "eval" "eval" "with.default" "with" "atlasqtl_global_local_core_" "atlasqtl" "FUN" "lapply" "sapply" "replicate" 
"pnorm" "eval" "eval" "with.default" "with" "atlasqtl_global_local_core_" "atlasqtl" "FUN" "lapply" "sapply" "replicate" 
"coreDualLoop" "eval" "eval" "with.default" "with" "atlasqtl_global_local_core_" "atlasqtl" "FUN" "lapply" "sapply" "replicate" 
"pnorm" "eval" "eval" "with.default" "with" "atlasqtl_global_local_core_" "atlasqtl" "FUN" "lapply" "sapply" "replicate" 
"coreDualLoop" "eval" "eval" "with.default" "with" "atlasqtl_global_local_core_" "atlasqtl" "FUN" "lapply" "sapply" "replicate" 
"pnorm" "update_Z_" "eval" "eval" "with.default" "with" "atlasqtl_global_local_core_" "atlasqtl" "FUN" "lapply" "sapply" "replicate" 
"pnorm" "eval" "eval" "with.default" "with" "atlasqtl_global_local_core_" "atlasqtl" "FUN" "lapply" "sapply" "replicate" 
"coreDualLoop" "eval" "eval" "with.default" "with" "atlasqtl_global_local_core_" "atlasqtl" "FUN" "lapply" "sapply" "replicate" 
"pnorm" "eval" "eval" "with.default" "with" "atlasqtl_global_local_core_" "atlasqtl" "FUN" "lapply" "sapply" "replicate" 
"elbo_global_local_" "eval" "eval" "with.default" "with" "atlasqtl_global_local_core_" "atlasqtl" "FUN" "lapply" "sapply" "replicate" 
"inv_mills_ratio_" "update_Z_" "eval" "eval" "with.default" "with" "atlasqtl_global_local_core_" "atlasqtl" "FUN" "lapply" "sapply" "replicate" 
"tcrossprod" "sweep" "eval" "eval" "with.default" "with" "atlasqtl_global_local_core_" "atlasqtl" "FUN" "lapply" "sapply" "replicate" 
"pnorm" "eval" "eval" "with.default" "with" "atlasqtl_global_local_core_" "atlasqtl" "FUN" "lapply" "sapply" "replicate" 
"inv_mills_ratio_" "update_Z_" "eval" "eval" "with.default" "with" "atlasqtl_global_local_core_" "atlasqtl" "FUN" "lapply" "sapply" "replicate" 
"sample.int" "sample" "eval" "eval" "with.default" "with" "atlasqtl_global_local_core_" "atlasqtl" "FUN" "lapply" "sapply" "replicate" 
"coreDualLoop" "eval" "eval" "with.default" "with" "atlasqtl_global_local_core_" "atlasqtl" "FUN" "lapply" "sapply" "replicate" 
"pnorm" "update_Z_" "eval" "eval" "with.default" "with" "atlasqtl_global_local_core_" "atlasqtl" "FUN" "lapply" "sapply" "replicate" 
"inv_mills_ratio_" "update_Z_" "eval" "eval" "with.default" "with" "atlasqtl_global_local_core_" "atlasqtl" "FUN" "lapply" "sapply" "replicate" 
"match.arg" "order" "aperm.default" "aperm" "sweep" "eval" "eval" "with.default" "with" "atlasqtl_global_local_core_" "atlasqtl" "FUN" "lapply" "sapply" "replicate" 
"inv_mills_ratio_" "update_Z_" "eval" "eval" "with.default" "with" "atlasqtl_global_local_core_" "atlasqtl" "FUN" "lapply" "sapply" "replicate" 
"coreDualLoop" "eval" "eval" "with.default" "with" "atlasqtl_global_local_core_" "atlasqtl" "FUN" "lapply" "sapply" "replicate" 
"inv_mills_ratio_" "update_Z_" "eval" "eval" "with.default" "with" "atlasqtl_global_local_core_" "atlasqtl" "FUN" "lapply" "sapply" "replicate" 
"coreDualLoop" "eval" "eval" "with.default" "with" "atlasqtl_global_local_core_" "atlasqtl" "FUN" "lapply" "sapply" "replicate" 
"Q_approx_vec" "eval" "eval" "with.default" "with" "atlasqtl_global_local_core_" "atlasqtl" "FUN" "lapply" "sapply" "replicate" 
"pnorm" "eval" "eval" "with.default" "with" "atlasqtl_global_local_core_" "atlasqtl" "FUN" "lapply" "sapply" "replicate" 
"check_structure_" "prepare_data_" "atlasqtl" "FUN" "lapply" "sapply" "replicate" 
"pnorm" "eval" "eval" "with.default" "with" "atlasqtl_global_local_core_" "atlasqtl" "FUN" "lapply" "sapply" "replicate" 
"update_Z_" "eval" "eval" "with.default" "with" "atlasqtl_global_local_core_" "atlasqtl" "FUN" "lapply" "sapply" "replicate" 
"coreDualLoop" "eval" "eval" "with.default" "with" "atlasqtl_global_local_core_" "atlasqtl" "FUN" "lapply" "sapply" "replicate" 
"pnorm" "eval" "eval" "with.default" "with" "atlasqtl_global_local_core_" "atlasqtl" "FUN" "lapply" "sapply" "replicate" 
"coreDualLoop" "eval" "eval" "with.default" "with" "atlasqtl_global_local_core_" "atlasqtl" "FUN" "lapply" "sapply" "replicate" 
"pnorm" "update_Z_" "eval" "eval" "with.default" "with" "atlasqtl_global_local_core_" "atlasqtl" "FUN" "lapply" "sapply" "replicate" 
"pnorm" "eval" "eval" "with.default" "with" "atlasqtl_global_local_core_" "atlasqtl" "FUN" "lapply" "sapply" "replicate" 
"stopifnot" "inv_mills_ratio_" "update_Z_" "eval" "eval" "with.default" "with" "atlasqtl_global_local_core_" "atlasqtl" "FUN" "lapply" "sapply" "replicate" 
"inv_mills_ratio_" "update_Z_" "eval" "eval" "with.default" "with" "atlasqtl_global_local_core_" "atlasqtl" "FUN" "lapply" "sapply" "replicate" 
"Q_approx_vec" "eval" "eval" "with.default" "with" "atlasqtl_global_local_core_" "atlasqtl" "FUN" "lapply" "sapply" "replicate" 
"pnorm" "eval" "eval" "with.default" "with" "atlasqtl_global_local_core_" "atlasqtl" "FUN" "lapply" "sapply" "replicate" 
"coreDualLoop" "eval" "eval" "with.default" "with" "atlasqtl_global_local_core_" "atlasqtl" "FUN" "lapply" "sapply" "replicate" 
"pnorm" "eval" "eval" "with.default" "with" "atlasqtl_global_local_core_" "atlasqtl" "FUN" "lapply" "sapply" "replicate" 
"coreDualLoop" "eval" "eval" "with.default" "with" "atlasqtl_global_local_core_" "atlasqtl" "FUN" "lapply" "sapply" "replicate" 
"pnorm" "eval" "eval" "with.default" "with" "atlasqtl_global_local_core_" "atlasqtl" "FUN" "lapply" "sapply" "replicate" 
"pnorm" "matrix" "auto_set_init_" "prepare_list_init_" "atlasqtl" "FUN" "lapply" "sapply" "replicate" 
"pnorm" "update_Z_" "eval" "eval" "with.default" "with" "atlasqtl_global_local_core_" "atlasqtl" "FUN" "lapply" "sapply" "replicate" 
"coreDualLoop" "eval" "eval" "with.default" "with" "atlasqtl_global_local_core_" "atlasqtl" "FUN" "lapply" "sapply" "replicate" 
"pnorm" "eval" "eval" "with.default" "with" "atlasqtl_global_local_core_" "atlasqtl" "FUN" "lapply" "sapply" "replicate" 
"pnorm" "eval" "eval" "with.default" "with" "atlasqtl_global_local_core_" "atlasqtl" "FUN" "lapply" "sapply" "replicate" 
"tfn" "PowerTOST::OwensT" "E_Phi_X_2" "get_V_p_t" "f" "uniroot" "doTryCatch" "tryCatchOne" "tryCatchList" "tryCatch" "auto_set_hyper_" "prepare_list_hyper_" "atlasqtl" "FUN" "lapply" "sapply" "replicate" 
"pnorm" "update_Z_" "eval" "eval" "with.default" "with" "atlasqtl_global_local_core_" "atlasqtl" "FUN" "lapply" "sapply" "replicate" 
"pnorm" "update_Z_" "eval" "eval" "with.default" "with" "atlasqtl_global_local_core_" "atlasqtl" "FUN" "lapply" "sapply" "replicate" 
"coreDualLoop" "eval" "eval" "with.default" "with" "atlasqtl_global_local_core_" "atlasqtl" "FUN" "lapply" "sapply" "replicate" 
"pnorm" "eval" "eval" "with.default" "with" "atlasqtl_global_local_core_" "atlasqtl" "FUN" "lapply" "sapply" "replicate" 
"coreDualLoop" "eval" "eval" "with.default" "with" "atlasqtl_global_local_core_" "atlasqtl" "FUN" "lapply" "sapply" "replicate" 
"update_Z_" "eval" "eval" "with.default" "with" "atlasqtl_global_local_core_" "atlasqtl" "FUN" "lapply" "sapply" "replicate" 
"inv_mills_ratio_" "update_Z_" "eval" "eval" "with.default" "with" "atlasqtl_global_local_core_" "atlasqtl" "FUN" "lapply" "sapply" "replicate" 
"cat" "eval" "eval" "with.default" "with" "atlasqtl_global_local_core_" "atlasqtl" "FUN" "lapply" "sapply" "replicate" 
"pnorm" "update_Z_" "eval" "eval" "with.default" "with" "atlasqtl_global_local_core_" "atlasqtl" "FUN" "lapply" "sapply" "replicate" 
"array" "aperm" "sweep" "eval" "eval" "with.default" "with" "atlasqtl_global_local_core_" "atlasqtl" "FUN" "lapply" "sapply" "replicate" 
"coreDualLoop" "eval" "eval" "with.default" "with" "atlasqtl_global_local_core_" "atlasqtl" "FUN" "lapply" "sapply" "replicate" 
"pnorm" "eval" "eval" "with.default" "with" "atlasqtl_global_local_core_" "atlasqtl" "FUN" "lapply" "sapply" "replicate" 
"pnorm" "atlasqtl_global_local_core_" "atlasqtl" "FUN" "lapply" "sapply" "replicate" 
"coreDualLoop" "eval" "eval" "with.default" "with" "atlasqtl_global_local_core_" "atlasqtl" "FUN" "lapply" "sapply" "replicate" 
"coreDualLoop" "eval" "eval" "with.default" "with" "atlasqtl_global_local_core_" "atlasqtl" "FUN" "lapply" "sapply" "replicate" 
"pnorm" "eval" "eval" "with.default" "with" "atlasqtl_global_local_core_" "atlasqtl" "FUN" "lapply" "sapply" "replicate" 
"is.data.frame" "colSums" "update_kappa_vb_" "eval" "eval" "with.default" "with" "atlasqtl_global_local_core_" "atlasqtl" "FUN" "lapply" "sapply" "replicate" 
"tcrossprod" "sweep" "eval" "eval" "with.default" "with" "atlasqtl_global_local_core_" "atlasqtl" "FUN" "lapply" "sapply" "replicate" 
"pnorm" "eval" "eval" "with.default" "with" "atlasqtl_global_local_core_" "atlasqtl" "FUN" "lapply" "sapply" "replicate" 
"all.equal.numeric" "all.equal" "isTRUE" "update_Z_" "eval" "eval" "with.default" "with" "atlasqtl_global_local_core_" "atlasqtl" "FUN" "lapply" "sapply" "replicate" 
"pnorm" "eval" "eval" "with.default" "with" "atlasqtl_global_local_core_" "atlasqtl" "FUN" "lapply" "sapply" "replicate" 
"coreDualLoop" "eval" "eval" "with.default" "with" "atlasqtl_global_local_core_" "atlasqtl" "FUN" "lapply" "sapply" "replicate" 
"array" "aperm" "sweep" "eval" "eval" "with.default" "with" "atlasqtl_global_local_core_" "atlasqtl" "FUN" "lapply" "sapply" "replicate" 
"coreDualLoop" "eval" "eval" "with.default" "with" "atlasqtl_global_local_core_" "atlasqtl" "FUN" "lapply" "sapply" "replicate" 
"pnorm" "eval" "eval" "with.default" "with" "atlasqtl_global_local_core_" "atlasqtl" "FUN" "lapply" "sapply" "replicate" 
"pnorm" "eval" "eval" "with.default" "with" "atlasqtl_global_local_core_" "atlasqtl" "FUN" "lapply" "sapply" "replicate" 
"coreDualLoop" "eval" "eval" "with.default" "with" "atlasqtl_global_local_core_" "atlasqtl" "FUN" "lapply" "sapply" "replicate" 
"pnorm" "eval" "eval" "with.default" "with" "atlasqtl_global_local_core_" "atlasqtl" "FUN" "lapply" "sapply" "replicate" 
"pnorm" "update_Z_" "eval" "eval" "with.default" "with" "atlasqtl_global_local_core_" "atlasqtl" "FUN" "lapply" "sapply" "replicate" 
"sys.function" "formals" "match.arg" "order" "aperm.default" "aperm" "sweep" "update_m2_beta_" "eval" "eval" "with.default" "with" "atlasqtl_global_local_core_" "atlasqtl" "FUN" "lapply" "sapply" "replicate" 
"e_beta_gamma_" "elbo_global_local_" "eval" "eval" "with.default" "with" "atlasqtl_global_local_core_" "atlasqtl" "FUN" "lapply" "sapply" "replicate" 
"e_beta_gamma_" "elbo_global_local_" "eval" "eval" "with.default" "with" "atlasqtl_global_local_core_" "atlasqtl" "FUN" "lapply" "sapply" "replicate" 
"inv_mills_ratio_" "update_Z_" "eval" "eval" "with.default" "with" "atlasqtl_global_local_core_" "atlasqtl" "FUN" "lapply" "sapply" "replicate" 
"pnorm" "eval" "eval" "with.default" "with" "atlasqtl_global_local_core_" "atlasqtl" "FUN" "lapply" "sapply" "replicate" 
"pnorm" "eval" "eval" "with.default" "with" "atlasqtl_global_local_core_" "atlasqtl" "FUN" "lapply" "sapply" "replicate" 
"coreDualLoop" "eval" "eval" "with.default" "with" "atlasqtl_global_local_core_" "atlasqtl" "FUN" "lapply" "sapply" "replicate" 
"stopifnot" "all.equal.numeric" "all.equal" "isTRUE" "eval" "eval" "with.default" "with" "atlasqtl_global_local_core_" "atlasqtl" "FUN" "lapply" "sapply" "replicate" 
"e_beta_gamma_" "elbo_global_local_" "eval" "eval" "with.default" "with" "atlasqtl_global_local_core_" "atlasqtl" "FUN" "lapply" "sapply" "replicate" 
"coreDualLoop" "eval" "eval" "with.default" "with" "atlasqtl_global_local_core_" "atlasqtl" "FUN" "lapply" "sapply" "replicate" 
"coreDualLoop" "eval" "eval" "with.default" "with" "atlasqtl_global_local_core_" "atlasqtl" "FUN" "lapply" "sapply" "replicate" 
"inv_mills_ratio_" "update_Z_" "eval" "eval" "with.default" "with" "atlasqtl_global_local_core_" "atlasqtl" "FUN" "lapply" "sapply" "replicate" 
"pnorm" "update_Z_" "eval" "eval" "with.default" "with" "atlasqtl_global_local_core_" "atlasqtl" "FUN" "lapply" "sapply" "replicate" 
"pnorm" "eval" "eval" "with.default" "with" "atlasqtl_global_local_core_" "atlasqtl" "FUN" "lapply" "sapply" "replicate" 
"coreDualLoop" "eval" "eval" "with.default" "with" "atlasqtl_global_local_core_" "atlasqtl" "FUN" "lapply" "sapply" "replicate" 
"array" "aperm" "sweep" "eval" "eval" "with.default" "with" "atlasqtl_global_local_core_" "atlasqtl" "FUN" "lapply" "sapply" "replicate" 
"coreDualLoop" "eval" "eval" "with.default" "with" "atlasqtl_global_local_core_" "atlasqtl" "FUN" "lapply" "sapply" "replicate" 
"apply" "scale.default" "scale" "prepare_data_" "atlasqtl" "FUN" "lapply" "sapply" "replicate" 
"pnorm" "eval" "eval" "with.default" "with" "atlasqtl_global_local_core_" "atlasqtl" "FUN" "lapply" "sapply" "replicate" 
"inv_mills_ratio_" "update_Z_" "eval" "eval" "with.default" "with" "atlasqtl_global_local_core_" "atlasqtl" "FUN" "lapply" "sapply" "replicate" 
"inv_mills_ratio_" "update_Z_" "eval" "eval" "with.default" "with" "atlasqtl_global_local_core_" "atlasqtl" "FUN" "lapply" "sapply" "replicate" 
"update_Z_" "eval" "eval" "with.default" "with" "atlasqtl_global_local_core_" "atlasqtl" "FUN" "lapply" "sapply" "replicate" 
"%*%" "update_X_beta_vb_" "eval" "eval" "with.default" "with" "atlasqtl_global_local_core_" "atlasqtl" "FUN" "lapply" "sapply" "replicate" 
"coreDualLoop" "eval" "eval" "with.default" "with" "atlasqtl_global_local_core_" "atlasqtl" "FUN" "lapply" "sapply" "replicate" 
"coreDualLoop" "eval" "eval" "with.default" "with" "atlasqtl_global_local_core_" "atlasqtl" "FUN" "lapply" "sapply" "replicate" 
"array" "aperm" "sweep" "update_m2_beta_" "eval" "eval" "with.default" "with" "atlasqtl_global_local_core_" "atlasqtl" "FUN" "lapply" "sapply" "replicate" 
"eval" "eval" "with.default" "with" "atlasqtl_global_local_core_" "atlasqtl" "FUN" "lapply" "sapply" "replicate" 
"prod" "colSums" "as.vector" "update_zeta_vb_" "eval" "eval" "with.default" "with" "atlasqtl_global_local_core_" "atlasqtl" "FUN" "lapply" "sapply" "replicate" 
"pnorm" "eval" "eval" "with.default" "with" "atlasqtl_global_local_core_" "atlasqtl" "FUN" "lapply" "sapply" "replicate" 
"pnorm" "eval" "eval" "with.default" "with" "atlasqtl_global_local_core_" "atlasqtl" "FUN" "lapply" "sapply" "replicate" 
"inv_mills_ratio_" "update_Z_" "eval" "eval" "with.default" "with" "atlasqtl_global_local_core_" "atlasqtl" "FUN" "lapply" "sapply" "replicate" 
"pnorm" "eval" "eval" "with.default" "with" "atlasqtl_global_local_core_" "atlasqtl" "FUN" "lapply" "sapply" "replicate" 
"coreDualLoop" "eval" "eval" "with.default" "with" "atlasqtl_global_local_core_" "atlasqtl" "FUN" "lapply" "sapply" "replicate" 
"eval" "match.arg" "order" "aperm.default" "aperm" "sweep" "eval" "eval" "with.default" "with" "atlasqtl_global_local_core_" "atlasqtl" "FUN" "lapply" "sapply" "replicate" 
"ifelse" "eval" "eval" "with.default" "with" "atlasqtl_global_local_core_" "atlasqtl" "FUN" "lapply" "sapply" "replicate" 
"pnorm" "eval" "eval" "with.default" "with" "atlasqtl_global_local_core_" "atlasqtl" "FUN" "lapply" "sapply" "replicate" 
"eval" "eval" "with.default" "with" "atlasqtl_global_local_core_" "atlasqtl" "FUN" "lapply" "sapply" "replicate" 
"pnorm" "eval" "eval" "with.default" "with" "atlasqtl_global_local_core_" "atlasqtl" "FUN" "lapply" "sapply" "replicate" 
"array" "FUN" "lapply" "asplit" "duplicated.matrix" "duplicated" "rm_collinear_" "prepare_data_" "atlasqtl" "FUN" "lapply" "sapply" "replicate" 
"pnorm" "eval" "eval" "with.default" "with" "atlasqtl_global_local_core_" "atlasqtl" "FUN" "lapply" "sapply" "replicate" 
"inv_mills_ratio_" "update_Z_" "eval" "eval" "with.default" "with" "atlasqtl_global_local_core_" "atlasqtl" "FUN" "lapply" "sapply" "replicate" 
"array" "aperm" "sweep" "eval" "eval" "with.default" "with" "atlasqtl_global_local_core_" "atlasqtl" "FUN" "lapply" "sapply" "replicate" 
"inv_mills_ratio_" "update_Z_" "eval" "eval" "with.default" "with" "atlasqtl_global_local_core_" "atlasqtl" "FUN" "lapply" "sapply" "replicate" 
"pnorm" "eval" "eval" "with.default" "with" "atlasqtl_global_local_core_" "atlasqtl" "FUN" "lapply" "sapply" "replicate" 
"pnorm" "eval" "eval" "with.default" "with" "atlasqtl_global_local_core_" "atlasqtl" "FUN" "lapply" "sapply" "replicate" 
"update_kappa_vb_" "elbo_global_local_" "eval" "eval" "with.default" "with" "atlasqtl_global_local_core_" "atlasqtl" "FUN" "lapply" "sapply" "replicate" 
"match.fun" "vapply" "order" "aperm.default" "aperm" "sweep" "update_m2_beta_" "eval" "eval" "with.default" "with" "atlasqtl_global_local_core_" "atlasqtl" "FUN" "lapply" "sapply" "replicate" 
"inv_mills_ratio_" "update_Z_" "eval" "eval" "with.default" "with" "atlasqtl_global_local_core_" "atlasqtl" "FUN" "lapply" "sapply" "replicate" 
"is.data.frame" "colSums" "update_eta_vb_" "eval" "eval" "with.default" "with" "atlasqtl_global_local_core_" "atlasqtl" "FUN" "lapply" "sapply" "replicate" 
"inv_mills_ratio_" "update_Z_" "eval" "eval" "with.default" "with" "atlasqtl_global_local_core_" "atlasqtl" "FUN" "lapply" "sapply" "replicate" 
"inv_mills_ratio_" "update_Z_" "eval" "eval" "with.default" "with" "atlasqtl_global_local_core_" "atlasqtl" "FUN" "lapply" "sapply" "replicate" 
"inv_mills_ratio_" "update_Z_" "eval" "eval" "with.default" "with" "atlasqtl_global_local_core_" "atlasqtl" "FUN" "lapply" "sapply" "replicate" 
"inv_mills_ratio_" "update_Z_" "eval" "eval" "with.default" "with" "atlasqtl_global_local_core_" "atlasqtl" "FUN" "lapply" "sapply" "replicate" 
"inv_mills_ratio_" "update_Z_" "eval" "eval" "with.default" "with" "atlasqtl_global_local_core_" "atlasqtl" "FUN" "lapply" "sapply" "replicate" 
"inv_mills_ratio_" "update_Z_" "eval" "eval" "with.default" "with" "atlasqtl_global_local_core_" "atlasqtl" "FUN" "lapply" "sapply" "replicate" 
"coreDualLoop" "eval" "eval" "with.default" "with" "atlasqtl_global_local_core_" "atlasqtl" "FUN" "lapply" "sapply" "replicate" 
"update_kappa_vb_" "eval" "eval" "with.default" "with" "atlasqtl_global_local_core_" "atlasqtl" "FUN" "lapply" "sapply" "replicate" 
"inv_mills_ratio_" "update_Z_" "eval" "eval" "with.default" "with" "atlasqtl_global_local_core_" "atlasqtl" "FUN" "lapply" "sapply" "replicate" 
"as.character" "setNames" "create_named_list_" "eval" "eval" "with.default" "with" "atlasqtl_global_local_core_" "atlasqtl" "FUN" "lapply" "sapply" "replicate" 
"eval" "eval" "with.default" "with" "atlasqtl_global_local_core_" "atlasqtl" "FUN" "lapply" "sapply" "replicate" 
"pnorm" "eval" "eval" "with.default" "with" "atlasqtl_global_local_core_" "atlasqtl" "FUN" "lapply" "sapply" "replicate" 
"pnorm" "eval" "eval" "with.default" "with" "atlasqtl_global_local_core_" "atlasqtl" "FUN" "lapply" "sapply" "replicate" 
"pnorm" "eval" "eval" "with.default" "with" "atlasqtl_global_local_core_" "atlasqtl" "FUN" "lapply" "sapply" "replicate" 
"e_beta_gamma_" "elbo_global_local_" "eval" "eval" "with.default" "with" "atlasqtl_global_local_core_" "atlasqtl" "FUN" "lapply" "sapply" "replicate" 
"order" "aperm.default" "aperm" "sweep" "update_m2_beta_" "eval" "eval" "with.default" "with" "atlasqtl_global_local_core_" "atlasqtl" "FUN" "lapply" "sapply" "replicate" 
"coreDualLoop" "eval" "eval" "with.default" "with" "atlasqtl_global_local_core_" "atlasqtl" "FUN" "lapply" "sapply" "replicate" 
"coreDualLoop" "eval" "eval" "with.default" "with" "atlasqtl_global_local_core_" "atlasqtl" "FUN" "lapply" "sapply" "replicate" 
"all.equal.numeric" "all.equal" "isTRUE" "update_Z_" "eval" "eval" "with.default" "with" "atlasqtl_global_local_core_" "atlasqtl" "FUN" "lapply" "sapply" "replicate" 
"pnorm" "matrix" "auto_set_init_" "prepare_list_init_" "atlasqtl" "FUN" "lapply" "sapply" "replicate" 
"coreDualLoop" "eval" "eval" "with.default" "with" "atlasqtl_global_local_core_" "atlasqtl" "FUN" "lapply" "sapply" "replicate" 
"format.default" "format" "paste0" "cat" "eval" "eval" "with.default" "with" "atlasqtl_global_local_core_" "atlasqtl" "FUN" "lapply" "sapply" "replicate" 
"eval" "eval" "with.default" "with" "atlasqtl_global_local_core_" "atlasqtl" "FUN" "lapply" "sapply" "replicate" 
"strictify" "gsl::expint_E1" "Q_approx_vec" "eval" "eval" "with.default" "with" "atlasqtl_global_local_core_" "atlasqtl" "FUN" "lapply" "sapply" "replicate" 
"pnorm" "eval" "eval" "with.default" "with" "atlasqtl_global_local_core_" "atlasqtl" "FUN" "lapply" "sapply" "replicate" 
"colSums" "crossprod" "update_rho_vb_" "eval" "eval" "with.default" "with" "atlasqtl_global_local_core_" "atlasqtl" "FUN" "lapply" "sapply" "replicate" 
"eval" "match.arg" "order" "aperm.default" "aperm" "sweep" "update_m2_beta_" "eval" "eval" "with.default" "with" "atlasqtl_global_local_core_" "atlasqtl" "FUN" "lapply" "sapply" "replicate" 
"coreDualLoop" "eval" "eval" "with.default" "with" "atlasqtl_global_local_core_" "atlasqtl" "FUN" "lapply" "sapply" "replicate" 
"pnorm" "eval" "eval" "with.default" "with" "atlasqtl_global_local_core_" "atlasqtl" "FUN" "lapply" "sapply" "replicate" 
"inv_mills_ratio_" "update_Z_" "eval" "eval" "with.default" "with" "atlasqtl_global_local_core_" "atlasqtl" "FUN" "lapply" "sapply" "replicate" 
"pnorm" "eval" "eval" "with.default" "with" "atlasqtl_global_local_core_" "atlasqtl" "FUN" "lapply" "sapply" "replicate" 
"order" "aperm.default" "aperm" "sweep" "e_beta_gamma_" "elbo_global_local_" "eval" "eval" "with.default" "with" "atlasqtl_global_local_core_" "atlasqtl" "FUN" "lapply" "sapply" "replicate" 
"inv_mills_ratio_" "update_Z_" "eval" "eval" "with.default" "with" "atlasqtl_global_local_core_" "atlasqtl" "FUN" "lapply" "sapply" "replicate" 
"pnorm" "eval" "eval" "with.default" "with" "atlasqtl_global_local_core_" "atlasqtl" "FUN" "lapply" "sapply" "replicate" 
"is.data.frame" "colSums" "update_kappa_vb_" "eval" "eval" "with.default" "with" "atlasqtl_global_local_core_" "atlasqtl" "FUN" "lapply" "sapply" "replicate" 
"FUN" "vapply" "order" "aperm.default" "aperm" "sweep" "e_beta_gamma_" "elbo_global_local_" "eval" "eval" "with.default" "with" "atlasqtl_global_local_core_" "atlasqtl" "FUN" "lapply" "sapply" "replicate" 
"coreDualLoop" "eval" "eval" "with.default" "with" "atlasqtl_global_local_core_" "atlasqtl" "FUN" "lapply" "sapply" "replicate" 
"inv_mills_ratio_" "update_Z_" "eval" "eval" "with.default" "with" "atlasqtl_global_local_core_" "atlasqtl" "FUN" "lapply" "sapply" "replicate" 
"coreDualLoop" "eval" "eval" "with.default" "with" "atlasqtl_global_local_core_" "atlasqtl" "FUN" "lapply" "sapply" "replicate" 
"pnorm" "eval" "eval" "with.default" "with" "atlasqtl_global_local_core_" "atlasqtl" "FUN" "lapply" "sapply" "replicate" 
"pnorm" "eval" "eval" "with.default" "with" "atlasqtl_global_local_core_" "atlasqtl" "FUN" "lapply" "sapply" "replicate" 
"pnorm" "eval" "eval" "with.default" "with" "atlasqtl_global_local_core_" "atlasqtl" "FUN" "lapply" "sapply" "replicate" 
"pnorm" "eval" "eval" "with.default" "with" "atlasqtl_global_local_core_" "atlasqtl" "FUN" "lapply" "sapply" "replicate" 
"all.equal.numeric" "all.equal" "isTRUE" "update_Z_" "eval" "eval" "with.default" "with" "atlasqtl_global_local_core_" "atlasqtl" "FUN" "lapply" "sapply" "replicate" 
"sample.int" "sample" "eval" "eval" "with.default" "with" "atlasqtl_global_local_core_" "atlasqtl" "FUN" "lapply" "sapply" "replicate" 
"coreDualLoop" "eval" "eval" "with.default" "with" "atlasqtl_global_local_core_" "atlasqtl" "FUN" "lapply" "sapply" "replicate" 
"pnorm" "update_Z_" "eval" "eval" "with.default" "with" "atlasqtl_global_local_core_" "atlasqtl" "FUN" "lapply" "sapply" "replicate" 
"inv_mills_ratio_" "update_Z_" "eval" "eval" "with.default" "with" "atlasqtl_global_local_core_" "atlasqtl" "FUN" "lapply" "sapply" "replicate" 
"coreDualLoop" "eval" "eval" "with.default" "with" "atlasqtl_global_local_core_" "atlasqtl" "FUN" "lapply" "sapply" "replicate" 
"inv_mills_ratio_" "update_Z_" "eval" "eval" "with.default" "with" "atlasqtl_global_local_core_" "atlasqtl" "FUN" "lapply" "sapply" "replicate" 
"pnorm" "eval" "eval" "with.default" "with" "atlasqtl_global_local_core_" "atlasqtl" "FUN" "lapply" "sapply" "replicate" 
"pnorm" "update_Z_" "eval" "eval" "with.default" "with" "atlasqtl_global_local_core_" "atlasqtl" "FUN" "lapply" "sapply" "replicate" 
"match.arg" "order" "aperm.default" "aperm" "sweep" "eval" "eval" "with.default" "with" "atlasqtl_global_local_core_" "atlasqtl" "FUN" "lapply" "sapply" "replicate" 
"pnorm" "eval" "eval" "with.default" "with" "atlasqtl_global_local_core_" "atlasqtl" "FUN" "lapply" "sapply" "replicate" 
"coreDualLoop" "eval" "eval" "with.default" "with" "atlasqtl_global_local_core_" "atlasqtl" "FUN" "lapply" "sapply" "replicate" 
"pnorm" "eval" "eval" "with.default" "with" "atlasqtl_global_local_core_" "atlasqtl" "FUN" "lapply" "sapply" "replicate" 
"inv_mills_ratio_" "update_Z_" "eval" "eval" "with.default" "with" "atlasqtl_global_local_core_" "atlasqtl" "FUN" "lapply" "sapply" "replicate" 
"pnorm" "eval" "eval" "with.default" "with" "atlasqtl_global_local_core_" "atlasqtl" "FUN" "lapply" "sapply" "replicate" 
"match.arg" "order" "aperm.default" "aperm" "sweep" "eval" "eval" "with.default" "with" "atlasqtl_global_local_core_" "atlasqtl" "FUN" "lapply" "sapply" "replicate" 
"eval" "eval" "with.default" "with" "atlasqtl_global_local_core_" "atlasqtl" "FUN" "lapply" "sapply" "replicate" 
"pnorm" "eval" "eval" "with.default" "with" "atlasqtl_global_local_core_" "atlasqtl" "FUN" "lapply" "sapply" "replicate" 
"pnorm" "eval" "eval" "with.default" "with" "atlasqtl_global_local_core_" "atlasqtl" "FUN" "lapply" "sapply" "replicate" 
"pnorm" "eval" "eval" "with.default" "with" "atlasqtl_global_local_core_" "atlasqtl" "FUN" "lapply" "sapply" "replicate" 
"update_Z_" "eval" "eval" "with.default" "with" "atlasqtl_global_local_core_" "atlasqtl" "FUN" "lapply" "sapply" "replicate" 
"pnorm" "eval" "eval" "with.default" "with" "atlasqtl_global_local_core_" "atlasqtl" "FUN" "lapply" "sapply" "replicate" 
"prod" "colSums" "update_kappa_vb_" "eval" "eval" "with.default" "with" "atlasqtl_global_local_core_" "atlasqtl" "FUN" "lapply" "sapply" "replicate" 
"pnorm" "eval" "eval" "with.default" "with" "atlasqtl_global_local_core_" "atlasqtl" "FUN" "lapply" "sapply" "replicate" 
"paste0" "cat" "eval" "eval" "with.default" "with" "atlasqtl_global_local_core_" "atlasqtl" "FUN" "lapply" "sapply" "replicate" 
"pnorm" "eval" "eval" "with.default" "with" "atlasqtl_global_local_core_" "atlasqtl" "FUN" "lapply" "sapply" "replicate" 
"pnorm" "eval" "eval" "with.default" "with" "atlasqtl_global_local_core_" "atlasqtl" "FUN" "lapply" "sapply" "replicate" 
"pnorm" "eval" "eval" "with.default" "with" "atlasqtl_global_local_core_" "atlasqtl" "FUN" "lapply" "sapply" "replicate" 
"sweep" "update_m2_beta_" "eval" "eval" "with.default" "with" "atlasqtl_global_local_core_" "atlasqtl" "FUN" "lapply" "sapply" "replicate" 
"inv_mills_ratio_" "update_Z_" "eval" "eval" "with.default" "with" "atlasqtl_global_local_core_" "atlasqtl" "FUN" "lapply" "sapply" "replicate" 
"coreDualLoop" "eval" "eval" "with.default" "with" "atlasqtl_global_local_core_" "atlasqtl" "FUN" "lapply" "sapply" "replicate" 
"pnorm" "eval" "eval" "with.default" "with" "atlasqtl_global_local_core_" "atlasqtl" "FUN" "lapply" "sapply" "replicate" 
"pnorm" "eval" "eval" "with.default" "with" "atlasqtl_global_local_core_" "atlasqtl" "FUN" "lapply" "sapply" "replicate" 
"pnorm" "eval" "eval" "with.default" "with" "atlasqtl_global_local_core_" "atlasqtl" "FUN" "lapply" "sapply" "replicate" 
"coreDualLoop" "eval" "eval" "with.default" "with" "atlasqtl_global_local_core_" "atlasqtl" "FUN" "lapply" "sapply" "replicate" 
"sweep" "update_m2_beta_" "eval" "eval" "with.default" "with" "atlasqtl_global_local_core_" "atlasqtl" "FUN" "lapply" "sapply" "replicate" 
"eval" "eval" "with.default" "with" "atlasqtl_global_local_core_" "atlasqtl" "FUN" "lapply" "sapply" "replicate" 
"coreDualLoop" "eval" "eval" "with.default" "with" "atlasqtl_global_local_core_" "atlasqtl" "FUN" "lapply" "sapply" "replicate" 
"inv_mills_ratio_" "update_Z_" "eval" "eval" "with.default" "with" "atlasqtl_global_local_core_" "atlasqtl" "FUN" "lapply" "sapply" "replicate" 
"is.data.frame" "colSums" "update_kappa_vb_" "eval" "eval" "with.default" "with" "atlasqtl_global_local_core_" "atlasqtl" "FUN" "lapply" "sapply" "replicate" 
"pnorm" "eval" "eval" "with.default" "with" "atlasqtl_global_local_core_" "atlasqtl" "FUN" "lapply" "sapply" "replicate" 
"pnorm" "update_Z_" "eval" "eval" "with.default" "with" "atlasqtl_global_local_core_" "atlasqtl" "FUN" "lapply" "sapply" "replicate" 
"inv_mills_ratio_" "update_Z_" "eval" "eval" "with.default" "with" "atlasqtl_global_local_core_" "atlasqtl" "FUN" "lapply" "sapply" "replicate" 
"inv_mills_ratio_" "update_Z_" "eval" "eval" "with.default" "with" "atlasqtl_global_local_core_" "atlasqtl" "FUN" "lapply" "sapply" "replicate" 
"pnorm" "eval" "eval" "with.default" "with" "atlasqtl_global_local_core_" "atlasqtl" "FUN" "lapply" "sapply" "replicate" 
"pnorm" "update_Z_" "eval" "eval" "with.default" "with" "atlasqtl_global_local_core_" "atlasqtl" "FUN" "lapply" "sapply" "replicate" 
"pnorm" "eval" "eval" "with.default" "with" "atlasqtl_global_local_core_" "atlasqtl" "FUN" "lapply" "sapply" "replicate" 
"pnorm" "eval" "eval" "with.default" "with" "atlasqtl_global_local_core_" "atlasqtl" "FUN" "lapply" "sapply" "replicate" 
"Q_approx_vec" "eval" "eval" "with.default" "with" "atlasqtl_global_local_core_" "atlasqtl" "FUN" "lapply" "sapply" "replicate" 
"inv_mills_ratio_" "update_Z_" "eval" "eval" "with.default" "with" "atlasqtl_global_local_core_" "atlasqtl" "FUN" "lapply" "sapply" "replicate" 
"check_positive_" "atlasqtl" "FUN" "lapply" "sapply" "replicate" 
"row" "split.default" "split" "process.args" "gsl::gamma_inc" "update_annealed_lam2_inv_vb_" "eval" "eval" "with.default" "with" "atlasqtl_global_local_core_" "atlasqtl" "FUN" "lapply" "sapply" "replicate" 
"eval" "eval" "with.default" "with" "atlasqtl_global_local_core_" "atlasqtl" "FUN" "lapply" "sapply" "replicate" 
"inv_mills_ratio_" "update_Z_" "eval" "eval" "with.default" "with" "atlasqtl_global_local_core_" "atlasqtl" "FUN" "lapply" "sapply" "replicate" 
"pnorm" "eval" "eval" "with.default" "with" "atlasqtl_global_local_core_" "atlasqtl" "FUN" "lapply" "sapply" "replicate" 
"pnorm" "eval" "eval" "with.default" "with" "atlasqtl_global_local_core_" "atlasqtl" "FUN" "lapply" "sapply" "replicate" 
"coreDualLoop" "eval" "eval" "with.default" "with" "atlasqtl_global_local_core_" "atlasqtl" "FUN" "lapply" "sapply" "replicate" 
"pnorm" "eval" "eval" "with.default" "with" "atlasqtl_global_local_core_" "atlasqtl" "FUN" "lapply" "sapply" "replicate" 
"coreDualLoop" "eval" "eval" "with.default" "with" "atlasqtl_global_local_core_" "atlasqtl" "FUN" "lapply" "sapply" "replicate" 
"Q_approx_vec" "eval" "eval" "with.default" "with" "atlasqtl_global_local_core_" "atlasqtl" "FUN" "lapply" "sapply" "replicate" 
"colSums" "as.vector" "update_zeta_vb_" "eval" "eval" "with.default" "with" "atlasqtl_global_local_core_" "atlasqtl" "FUN" "lapply" "sapply" "replicate" 
"coreDualLoop" "eval" "eval" "with.default" "with" "atlasqtl_global_local_core_" "atlasqtl" "FUN" "lapply" "sapply" "replicate" 
"|" "eval" "eval" "with.default" "with" "atlasqtl_global_local_core_" "atlasqtl" "FUN" "lapply" "sapply" "replicate" 
"pnorm" "eval" "eval" "with.default" "with" "atlasqtl_global_local_core_" "atlasqtl" "FUN" "lapply" "sapply" "replicate" 
"coreDualLoop" "eval" "eval" "with.default" "with" "atlasqtl_global_local_core_" "atlasqtl" "FUN" "lapply" "sapply" "replicate" 
"pnorm" "eval" "eval" "with.default" "with" "atlasqtl_global_local_core_" "atlasqtl" "FUN" "lapply" "sapply" "replicate" 
"colMeans" "scale.default" "scale" "prepare_data_" "atlasqtl" "FUN" "lapply" "sapply" "replicate" 
"aperm" "sweep" "eval" "eval" "with.default" "with" "atlasqtl_global_local_core_" "atlasqtl" "FUN" "lapply" "sapply" "replicate" 
"pnorm" "eval" "eval" "with.default" "with" "atlasqtl_global_local_core_" "atlasqtl" "FUN" "lapply" "sapply" "replicate" 
"colSums" "update_eta_vb_" "eval" "eval" "with.default" "with" "atlasqtl_global_local_core_" "atlasqtl" "FUN" "lapply" "sapply" "replicate" 
"pnorm" "eval" "eval" "with.default" "with" "atlasqtl_global_local_core_" "atlasqtl" "FUN" "lapply" "sapply" "replicate" 
"inv_mills_ratio_" "update_Z_" "eval" "eval" "with.default" "with" "atlasqtl_global_local_core_" "atlasqtl" "FUN" "lapply" "sapply" "replicate" 
"pnorm" "eval" "eval" "with.default" "with" "atlasqtl_global_local_core_" "atlasqtl" "FUN" "lapply" "sapply" "replicate" 
"pnorm" "eval" "eval" "with.default" "with" "atlasqtl_global_local_core_" "atlasqtl" "FUN" "lapply" "sapply" "replicate" 
"pnorm" "eval" "eval" "with.default" "with" "atlasqtl_global_local_core_" "atlasqtl" "FUN" "lapply" "sapply" "replicate" 
"sample.int" "sample" "eval" "eval" "with.default" "with" "atlasqtl_global_local_core_" "atlasqtl" "FUN" "lapply" "sapply" "replicate" 
"pnorm" "eval" "eval" "with.default" "with" "atlasqtl_global_local_core_" "atlasqtl" "FUN" "lapply" "sapply" "replicate" 
"stopifnot" "inv_mills_ratio_" "update_Z_" "eval" "eval" "with.default" "with" "atlasqtl_global_local_core_" "atlasqtl" "FUN" "lapply" "sapply" "replicate" 
"tcrossprod" "sweep" "eval" "eval" "with.default" "with" "atlasqtl_global_local_core_" "atlasqtl" "FUN" "lapply" "sapply" "replicate" 
"pnorm" "eval" "eval" "with.default" "with" "atlasqtl_global_local_core_" "atlasqtl" "FUN" "lapply" "sapply" "replicate" 
"pnorm" "eval" "eval" "with.default" "with" "atlasqtl_global_local_core_" "atlasqtl" "FUN" "lapply" "sapply" "replicate" 
"coreDualLoop" "eval" "eval" "with.default" "with" "atlasqtl_global_local_core_" "atlasqtl" "FUN" "lapply" "sapply" "replicate" 
"inv_mills_ratio_" "update_Z_" "eval" "eval" "with.default" "with" "atlasqtl_global_local_core_" "atlasqtl" "FUN" "lapply" "sapply" "replicate" 
"coreDualLoop" "eval" "eval" "with.default" "with" "atlasqtl_global_local_core_" "atlasqtl" "FUN" "lapply" "sapply" "replicate" 
"pnorm" "eval" "eval" "with.default" "with" "atlasqtl_global_local_core_" "atlasqtl" "FUN" "lapply" "sapply" "replicate" 
"coreDualLoop" "eval" "eval" "with.default" "with" "atlasqtl_global_local_core_" "atlasqtl" "FUN" "lapply" "sapply" "replicate" 
"pnorm" "eval" "eval" "with.default" "with" "atlasqtl_global_local_core_" "atlasqtl" "FUN" "lapply" "sapply" "replicate" 
"pnorm" "eval" "eval" "with.default" "with" "atlasqtl_global_local_core_" "atlasqtl" "FUN" "lapply" "sapply" "replicate" 
"pnorm" "update_Z_" "eval" "eval" "with.default" "with" "atlasqtl_global_local_core_" "atlasqtl" "FUN" "lapply" "sapply" "replicate" 
"colSums" "update_kappa_vb_" "elbo_global_local_" "eval" "eval" "with.default" "with" "atlasqtl_global_local_core_" "atlasqtl" "FUN" "lapply" "sapply" "replicate" 
"coreDualLoop" "eval" "eval" "with.default" "with" "atlasqtl_global_local_core_" "atlasqtl" "FUN" "lapply" "sapply" "replicate" 
"pnorm" "eval" "eval" "with.default" "with" "atlasqtl_global_local_core_" "atlasqtl" "FUN" "lapply" "sapply" "replicate" 
"aperm.default" "aperm" "sweep" "eval" "eval" "with.default" "with" "atlasqtl_global_local_core_" "atlasqtl" "FUN" "lapply" "sapply" "replicate" 
"is.factor" "split.default" "split" "process.args" "gsl::gamma_inc" "update_annealed_lam2_inv_vb_" "eval" "eval" "with.default" "with" "atlasqtl_global_local_core_" "atlasqtl" "FUN" "lapply" "sapply" "replicate" 
"pnorm" "eval" "eval" "with.default" "with" "atlasqtl_global_local_core_" "atlasqtl" "FUN" "lapply" "sapply" "replicate" 
"coreDualLoop" "eval" "eval" "with.default" "with" "atlasqtl_global_local_core_" "atlasqtl" "FUN" "lapply" "sapply" "replicate" 
"inv_mills_ratio_" "update_Z_" "eval" "eval" "with.default" "with" "atlasqtl_global_local_core_" "atlasqtl" "FUN" "lapply" "sapply" "replicate" 
"pnorm" "eval" "eval" "with.default" "with" "atlasqtl_global_local_core_" "atlasqtl" "FUN" "lapply" "sapply" "replicate" 
"pnorm" "eval" "eval" "with.default" "with" "atlasqtl_global_local_core_" "atlasqtl" "FUN" "lapply" "sapply" "replicate" 
"inv_mills_ratio_" "update_Z_" "eval" "eval" "with.default" "with" "atlasqtl_global_local_core_" "atlasqtl" "FUN" "lapply" "sapply" "replicate" 
"sweep" "update_m2_beta_" "eval" "eval" "with.default" "with" "atlasqtl_global_local_core_" "atlasqtl" "FUN" "lapply" "sapply" "replicate" 
"inv_mills_ratio_" "update_Z_" "eval" "eval" "with.default" "with" "atlasqtl_global_local_core_" "atlasqtl" "FUN" "lapply" "sapply" "replicate" 
"sys.function" "formals" "match.arg" "order" "aperm.default" "aperm" "sweep" "eval" "eval" "with.default" "with" "atlasqtl_global_local_core_" "atlasqtl" "FUN" "lapply" "sapply" "replicate" 
"pnorm" "eval" "eval" "with.default" "with" "atlasqtl_global_local_core_" "atlasqtl" "FUN" "lapply" "sapply" "replicate" 
"pnorm" "update_Z_" "eval" "eval" "with.default" "with" "atlasqtl_global_local_core_" "atlasqtl" "FUN" "lapply" "sapply" "replicate" 
"pnorm" "eval" "eval" "with.default" "with" "atlasqtl_global_local_core_" "atlasqtl" "FUN" "lapply" "sapply" "replicate" 
"update_Z_" "eval" "eval" "with.default" "with" "atlasqtl_global_local_core_" "atlasqtl" "FUN" "lapply" "sapply" "replicate" 
"aperm.default" "aperm" "sweep" "update_m2_beta_" "eval" "eval" "with.default" "with" "atlasqtl_global_local_core_" "atlasqtl" "FUN" "lapply" "sapply" "replicate" 
"e_beta_gamma_" "elbo_global_local_" "eval" "eval" "with.default" "with" "atlasqtl_global_local_core_" "atlasqtl" "FUN" "lapply" "sapply" "replicate" 
"coreDualLoop" "eval" "eval" "with.default" "with" "atlasqtl_global_local_core_" "atlasqtl" "FUN" "lapply" "sapply" "replicate" 
"order" "aperm.default" "aperm" "sweep" "eval" "eval" "with.default" "with" "atlasqtl_global_local_core_" "atlasqtl" "FUN" "lapply" "sapply" "replicate" 
"coreDualLoop" "eval" "eval" "with.default" "with" "atlasqtl_global_local_core_" "atlasqtl" "FUN" "lapply" "sapply" "replicate" 
"pnorm" "eval" "eval" "with.default" "with" "atlasqtl_global_local_core_" "atlasqtl" "FUN" "lapply" "sapply" "replicate" 
"FUN" "apply" "scale.default" "scale" "prepare_data_" "atlasqtl" "FUN" "lapply" "sapply" "replicate" 
"coreDualLoop" "eval" "eval" "with.default" "with" "atlasqtl_global_local_core_" "atlasqtl" "FUN" "lapply" "sapply" "replicate" 
"coreDualLoop" "eval" "eval" "with.default" "with" "atlasqtl_global_local_core_" "atlasqtl" "FUN" "lapply" "sapply" "replicate" 
"inv_mills_ratio_" "update_Z_" "eval" "eval" "with.default" "with" "atlasqtl_global_local_core_" "atlasqtl" "FUN" "lapply" "sapply" "replicate" 
"coreDualLoop" "eval" "eval" "with.default" "with" "atlasqtl_global_local_core_" "atlasqtl" "FUN" "lapply" "sapply" "replicate" 
"eval" "eval" "with.default" "with" "atlasqtl_global_local_core_" "atlasqtl" "FUN" "lapply" "sapply" "replicate" 
"pnorm" "eval" "eval" "with.default" "with" "atlasqtl_global_local_core_" "atlasqtl" "FUN" "lapply" "sapply" "replicate" 
"matrix" "auto_set_init_" "prepare_list_init_" "atlasqtl" "FUN" "lapply" "sapply" "replicate" 
"inv_mills_ratio_" "update_Z_" "eval" "eval" "with.default" "with" "atlasqtl_global_local_core_" "atlasqtl" "FUN" "lapply" "sapply" "replicate" 
"pnorm" "eval" "eval" "with.default" "with" "atlasqtl_global_local_core_" "atlasqtl" "FUN" "lapply" "sapply" "replicate" 
"pnorm" "eval" "eval" "with.default" "with" "atlasqtl_global_local_core_" "atlasqtl" "FUN" "lapply" "sapply" "replicate" 
"coreDualLoop" "eval" "eval" "with.default" "with" "atlasqtl_global_local_core_" "atlasqtl" "FUN" "lapply" "sapply" "replicate" 
"apply" "scale.default" "scale" "prepare_data_" "atlasqtl" "FUN" "lapply" "sapply" "replicate" 
"coreDualLoop" "eval" "eval" "with.default" "with" "atlasqtl_global_local_core_" "atlasqtl" "FUN" "lapply" "sapply" "replicate" 
"coreDualLoop" "eval" "eval" "with.default" "with" "atlasqtl_global_local_core_" "atlasqtl" "FUN" "lapply" "sapply" "replicate" 
"pnorm" "eval" "eval" "with.default" "with" "atlasqtl_global_local_core_" "atlasqtl" "FUN" "lapply" "sapply" "replicate" 
"Q_approx_vec" "eval" "eval" "with.default" "with" "atlasqtl_global_local_core_" "atlasqtl" "FUN" "lapply" "sapply" "replicate" 
"pnorm" "eval" "eval" "with.default" "with" "atlasqtl_global_local_core_" "atlasqtl" "FUN" "lapply" "sapply" "replicate" 
"coreDualLoop" "eval" "eval" "with.default" "with" "atlasqtl_global_local_core_" "atlasqtl" "FUN" "lapply" "sapply" "replicate" 
"coreDualLoop" "eval" "eval" "with.default" "with" "atlasqtl_global_local_core_" "atlasqtl" "FUN" "lapply" "sapply" "replicate" 
"is.array" "rowSums" "update_theta_vb_" "eval" "eval" "with.default" "with" "atlasqtl_global_local_core_" "atlasqtl" "FUN" "lapply" "sapply" "replicate" 
"inv_mills_ratio_" "update_Z_" "eval" "eval" "with.default" "with" "atlasqtl_global_local_core_" "atlasqtl" "FUN" "lapply" "sapply" "replicate" 
"inv_mills_ratio_" "update_Z_" "eval" "eval" "with.default" "with" "atlasqtl_global_local_core_" "atlasqtl" "FUN" "lapply" "sapply" "replicate" 
"coreDualLoop" "eval" "eval" "with.default" "with" "atlasqtl_global_local_core_" "atlasqtl" "FUN" "lapply" "sapply" "replicate" 
"as.factor" "split.default" "split" "process.args" "gsl::gamma_inc" "update_annealed_lam2_inv_vb_" "eval" "eval" "with.default" "with" "atlasqtl_global_local_core_" "atlasqtl" "FUN" "lapply" "sapply" "replicate" 
"coreDualLoop" "eval" "eval" "with.default" "with" "atlasqtl_global_local_core_" "atlasqtl" "FUN" "lapply" "sapply" "replicate" 
"coreDualLoop" "eval" "eval" "with.default" "with" "atlasqtl_global_local_core_" "atlasqtl" "FUN" "lapply" "sapply" "replicate" 
"coreDualLoop" "eval" "eval" "with.default" "with" "atlasqtl_global_local_core_" "atlasqtl" "FUN" "lapply" "sapply" "replicate" 
"tcrossprod" "sweep" "eval" "eval" "with.default" "with" "atlasqtl_global_local_core_" "atlasqtl" "FUN" "lapply" "sapply" "replicate" 
"pnorm" "eval" "eval" "with.default" "with" "atlasqtl_global_local_core_" "atlasqtl" "FUN" "lapply" "sapply" "replicate" 
"dim" "nrow" "elbo_global_local_" "eval" "eval" "with.default" "with" "atlasqtl_global_local_core_" "atlasqtl" "FUN" "lapply" "sapply" "replicate" 
"inv_mills_ratio_" "update_Z_" "eval" "eval" "with.default" "with" "atlasqtl_global_local_core_" "atlasqtl" "FUN" "lapply" "sapply" "replicate" 
"inv_mills_ratio_" "update_Z_" "eval" "eval" "with.default" "with" "atlasqtl_global_local_core_" "atlasqtl" "FUN" "lapply" "sapply" "replicate" 
"e_tau_" "elbo_global_local_" "eval" "eval" "with.default" "with" "atlasqtl_global_local_core_" "atlasqtl" "FUN" "lapply" "sapply" "replicate" 
"as.factor" "split.default" "split" "process.args" "gsl::gamma_inc" "update_annealed_lam2_inv_vb_" "eval" "eval" "with.default" "with" "atlasqtl_global_local_core_" "atlasqtl" "FUN" "lapply" "sapply" "replicate" 
"pnorm" "eval" "eval" "with.default" "with" "atlasqtl_global_local_core_" "atlasqtl" "FUN" "lapply" "sapply" "replicate" 
"pnorm" "eval" "eval" "with.default" "with" "atlasqtl_global_local_core_" "atlasqtl" "FUN" "lapply" "sapply" "replicate" 
"eval" "eval" "with.default" "with" "atlasqtl_global_local_core_" "atlasqtl" "FUN" "lapply" "sapply" "replicate" 
"coreDualLoop" "eval" "eval" "with.default" "with" "atlasqtl_global_local_core_" "atlasqtl" "FUN" "lapply" "sapply" "replicate" 
"all" "stopifnot" "FUN" "apply" "median" "auto_set_hyper_" "prepare_list_hyper_" "atlasqtl" "FUN" "lapply" "sapply" "replicate" 
"coreDualLoop" "eval" "eval" "with.default" "with" "atlasqtl_global_local_core_" "atlasqtl" "FUN" "lapply" "sapply" "replicate" 
"eval" "eval" "with.default" "with" "atlasqtl_global_local_core_" "atlasqtl" "FUN" "lapply" "sapply" "replicate" 
"pnorm" "eval" "eval" "with.default" "with" "atlasqtl_global_local_core_" "atlasqtl" "FUN" "lapply" "sapply" "replicate" 
"coreDualLoop" "eval" "eval" "with.default" "with" "atlasqtl_global_local_core_" "atlasqtl" "FUN" "lapply" "sapply" "replicate" 
"sort.int" "sort.default" "sort" "mean" "median.default" "median" "auto_set_hyper_" "prepare_list_hyper_" "atlasqtl" "FUN" "lapply" "sapply" "replicate" 
"pnorm" "eval" "eval" "with.default" "with" "atlasqtl_global_local_core_" "atlasqtl" "FUN" "lapply" "sapply" "replicate" 
"sample.int" "sample" "eval" "eval" "with.default" "with" "atlasqtl_global_local_core_" "atlasqtl" "FUN" "lapply" "sapply" "replicate" 
"coreDualLoop" "eval" "eval" "with.default" "with" "atlasqtl_global_local_core_" "atlasqtl" "FUN" "lapply" "sapply" "replicate" 
"inv_mills_ratio_" "update_Z_" "eval" "eval" "with.default" "with" "atlasqtl_global_local_core_" "atlasqtl" "FUN" "lapply" "sapply" "replicate" 
"is.data.frame" "colSums" "update_kappa_vb_" "eval" "eval" "with.default" "with" "atlasqtl_global_local_core_" "atlasqtl" "FUN" "lapply" "sapply" "replicate" 
"pnorm" "eval" "eval" "with.default" "with" "atlasqtl_global_local_core_" "atlasqtl" "FUN" "lapply" "sapply" "replicate" 
"pnorm" "eval" "eval" "with.default" "with" "atlasqtl_global_local_core_" "atlasqtl" "FUN" "lapply" "sapply" "replicate" 
"order" "aperm.default" "aperm" "sweep" "update_m2_beta_" "eval" "eval" "with.default" "with" "atlasqtl_global_local_core_" "atlasqtl" "FUN" "lapply" "sapply" "replicate" 
"pnorm" "eval" "eval" "with.default" "with" "atlasqtl_global_local_core_" "atlasqtl" "FUN" "lapply" "sapply" "replicate" 
"coreDualLoop" "eval" "eval" "with.default" "with" "atlasqtl_global_local_core_" "atlasqtl" "FUN" "lapply" "sapply" "replicate" 
"pnorm" "eval" "eval" "with.default" "with" "atlasqtl_global_local_core_" "atlasqtl" "FUN" "lapply" "sapply" "replicate" 
"coreDualLoop" "eval" "eval" "with.default" "with" "atlasqtl_global_local_core_" "atlasqtl" "FUN" "lapply" "sapply" "replicate" 
"coreDualLoop" "eval" "eval" "with.default" "with" "atlasqtl_global_local_core_" "atlasqtl" "FUN" "lapply" "sapply" "replicate" 
"coreDualLoop" "eval" "eval" "with.default" "with" "atlasqtl_global_local_core_" "atlasqtl" "FUN" "lapply" "sapply" "replicate" 
"pnorm" "eval" "eval" "with.default" "with" "atlasqtl_global_local_core_" "atlasqtl" "FUN" "lapply" "sapply" "replicate" 
"coreDualLoop" "eval" "eval" "with.default" "with" "atlasqtl_global_local_core_" "atlasqtl" "FUN" "lapply" "sapply" "replicate" 
"coreDualLoop" "eval" "eval" "with.default" "with" "atlasqtl_global_local_core_" "atlasqtl" "FUN" "lapply" "sapply" "replicate" 
"inv_mills_ratio_" "update_Z_" "eval" "eval" "with.default" "with" "atlasqtl_global_local_core_" "atlasqtl" "FUN" "lapply" "sapply" "replicate" 
"colSums" "update_kappa_vb_" "eval" "eval" "with.default" "with" "atlasqtl_global_local_core_" "atlasqtl" "FUN" "lapply" "sapply" "replicate" 
"coreDualLoop" "eval" "eval" "with.default" "with" "atlasqtl_global_local_core_" "atlasqtl" "FUN" "lapply" "sapply" "replicate" 
"tcrossprod" "sweep" "eval" "eval" "with.default" "with" "atlasqtl_global_local_core_" "atlasqtl" "FUN" "lapply" "sapply" "replicate" 
"is.data.frame" "colSums" "update_kappa_vb_" "eval" "eval" "with.default" "with" "atlasqtl_global_local_core_" "atlasqtl" "FUN" "lapply" "sapply" "replicate" 
"pnorm" "eval" "eval" "with.default" "with" "atlasqtl_global_local_core_" "atlasqtl" "FUN" "lapply" "sapply" "replicate" 
"pnorm" "eval" "eval" "with.default" "with" "atlasqtl_global_local_core_" "atlasqtl" "FUN" "lapply" "sapply" "replicate" 
"coreDualLoop" "eval" "eval" "with.default" "with" "atlasqtl_global_local_core_" "atlasqtl" "FUN" "lapply" "sapply" "replicate" 
"stopifnot" "sample.int" "sample" "eval" "eval" "with.default" "with" "atlasqtl_global_local_core_" "atlasqtl" "FUN" "lapply" "sapply" "replicate" 
"pnorm" "eval" "eval" "with.default" "with" "atlasqtl_global_local_core_" "atlasqtl" "FUN" "lapply" "sapply" "replicate" 
"pnorm" "eval" "eval" "with.default" "with" "atlasqtl_global_local_core_" "atlasqtl" "FUN" "lapply" "sapply" "replicate" 
"eval" "eval" "with.default" "with" "atlasqtl_global_local_core_" "atlasqtl" "FUN" "lapply" "sapply" "replicate" 
"pnorm" "eval" "eval" "with.default" "with" "atlasqtl_global_local_core_" "atlasqtl" "FUN" "lapply" "sapply" "replicate" 
"FUN" "apply" "scale.default" "scale" "prepare_data_" "atlasqtl" "FUN" "lapply" "sapply" "replicate" 
"pnorm" "eval" "eval" "with.default" "with" "atlasqtl_global_local_core_" "atlasqtl" "FUN" "lapply" "sapply" "replicate" 
"pnorm" "eval" "eval" "with.default" "with" "atlasqtl_global_local_core_" "atlasqtl" "FUN" "lapply" "sapply" "replicate" 
"pnorm" "eval" "eval" "with.default" "with" "atlasqtl_global_local_core_" "atlasqtl" "FUN" "lapply" "sapply" "replicate" 
"pnorm" "eval" "eval" "with.default" "with" "atlasqtl_global_local_core_" "atlasqtl" "FUN" "lapply" "sapply" "replicate" 
"update_m2_beta_" "eval" "eval" "with.default" "with" "atlasqtl_global_local_core_" "atlasqtl" "FUN" "lapply" "sapply" "replicate" 
"pnorm" "eval" "eval" "with.default" "with" "atlasqtl_global_local_core_" "atlasqtl" "FUN" "lapply" "sapply" "replicate" 
"pnorm" "eval" "eval" "with.default" "with" "atlasqtl_global_local_core_" "atlasqtl" "FUN" "lapply" "sapply" "replicate" 
"coreDualLoop" "eval" "eval" "with.default" "with" "atlasqtl_global_local_core_" "atlasqtl" "FUN" "lapply" "sapply" "replicate" 
"uniroot" "doTryCatch" "tryCatchOne" "tryCatchList" "tryCatch" "auto_set_hyper_" "prepare_list_hyper_" "atlasqtl" "FUN" "lapply" "sapply" "replicate" 
"pnorm" "update_Z_" "eval" "eval" "with.default" "with" "atlasqtl_global_local_core_" "atlasqtl" "FUN" "lapply" "sapply" "replicate" 
"coreDualLoop" "eval" "eval" "with.default" "with" "atlasqtl_global_local_core_" "atlasqtl" "FUN" "lapply" "sapply" "replicate" 
"coreDualLoop" "eval" "eval" "with.default" "with" "atlasqtl_global_local_core_" "atlasqtl" "FUN" "lapply" "sapply" "replicate" 
"pnorm" "eval" "eval" "with.default" "with" "atlasqtl_global_local_core_" "atlasqtl" "FUN" "lapply" "sapply" "replicate" 
"pnorm" "eval" "eval" "with.default" "with" "atlasqtl_global_local_core_" "atlasqtl" "FUN" "lapply" "sapply" "replicate" 
"elbo_global_local_" "eval" "eval" "with.default" "with" "atlasqtl_global_local_core_" "atlasqtl" "FUN" "lapply" "sapply" "replicate" 
"coreDualLoop" "eval" "eval" "with.default" "with" "atlasqtl_global_local_core_" "atlasqtl" "FUN" "lapply" "sapply" "replicate" 
"pnorm" "eval" "eval" "with.default" "with" "atlasqtl_global_local_core_" "atlasqtl" "FUN" "lapply" "sapply" "replicate" 
"coreDualLoop" "eval" "eval" "with.default" "with" "atlasqtl_global_local_core_" "atlasqtl" "FUN" "lapply" "sapply" "replicate" 
"pnorm" "eval" "eval" "with.default" "with" "atlasqtl_global_local_core_" "atlasqtl" "FUN" "lapply" "sapply" "replicate" 
"pnorm" "eval" "eval" "with.default" "with" "atlasqtl_global_local_core_" "atlasqtl" "FUN" "lapply" "sapply" "replicate" 
"eval" "eval" "with.default" "with" "atlasqtl_global_local_core_" "atlasqtl" "FUN" "lapply" "sapply" "replicate" 
"pnorm" "eval" "eval" "with.default" "with" "atlasqtl_global_local_core_" "atlasqtl" "FUN" "lapply" "sapply" "replicate" 
"coreDualLoop" "eval" "eval" "with.default" "with" "atlasqtl_global_local_core_" "atlasqtl" "FUN" "lapply" "sapply" "replicate" 
"coreDualLoop" "eval" "eval" "with.default" "with" "atlasqtl_global_local_core_" "atlasqtl" "FUN" "lapply" "sapply" "replicate" 
"coreDualLoop" "eval" "eval" "with.default" "with" "atlasqtl_global_local_core_" "atlasqtl" "FUN" "lapply" "sapply" "replicate" 
"pnorm" "update_Z_" "eval" "eval" "with.default" "with" "atlasqtl_global_local_core_" "atlasqtl" "FUN" "lapply" "sapply" "replicate" 
"pnorm" "eval" "eval" "with.default" "with" "atlasqtl_global_local_core_" "atlasqtl" "FUN" "lapply" "sapply" "replicate" 
"coreDualLoop" "eval" "eval" "with.default" "with" "atlasqtl_global_local_core_" "atlasqtl" "FUN" "lapply" "sapply" "replicate" 
"pnorm" "eval" "eval" "with.default" "with" "atlasqtl_global_local_core_" "atlasqtl" "FUN" "lapply" "sapply" "replicate" 
"pnorm" "eval" "eval" "with.default" "with" "atlasqtl_global_local_core_" "atlasqtl" "FUN" "lapply" "sapply" "replicate" 
"sweep" "update_m2_beta_" "eval" "eval" "with.default" "with" "atlasqtl_global_local_core_" "atlasqtl" "FUN" "lapply" "sapply" "replicate" 
"coreDualLoop" "eval" "eval" "with.default" "with" "atlasqtl_global_local_core_" "atlasqtl" "FUN" "lapply" "sapply" "replicate" 
"pnorm" "eval" "eval" "with.default" "with" "atlasqtl_global_local_core_" "atlasqtl" "FUN" "lapply" "sapply" "replicate" 
"inv_mills_ratio_" "update_Z_" "eval" "eval" "with.default" "with" "atlasqtl_global_local_core_" "atlasqtl" "FUN" "lapply" "sapply" "replicate" 
"cat" "eval" "eval" "with.default" "with" "atlasqtl_global_local_core_" "atlasqtl" "FUN" "lapply" "sapply" "replicate" 
"vapply" "order" "aperm.default" "aperm" "sweep" "update_m2_beta_" "eval" "eval" "with.default" "with" "atlasqtl_global_local_core_" "atlasqtl" "FUN" "lapply" "sapply" "replicate" 
"aperm" "sweep" "e_beta_gamma_" "elbo_global_local_" "eval" "eval" "with.default" "with" "atlasqtl_global_local_core_" "atlasqtl" "FUN" "lapply" "sapply" "replicate" 
"pnorm" "eval" "eval" "with.default" "with" "atlasqtl_global_local_core_" "atlasqtl" "FUN" "lapply" "sapply" "replicate" 
"inv_mills_ratio_" "update_Z_" "eval" "eval" "with.default" "with" "atlasqtl_global_local_core_" "atlasqtl" "FUN" "lapply" "sapply" "replicate" 
"coreDualLoop" "eval" "eval" "with.default" "with" "atlasqtl_global_local_core_" "atlasqtl" "FUN" "lapply" "sapply" "replicate" 
"isFALSE" "duplicated.matrix" "duplicated" "rm_collinear_" "prepare_data_" "atlasqtl" "FUN" "lapply" "sapply" "replicate" 
"pnorm" "update_Z_" "eval" "eval" "with.default" "with" "atlasqtl_global_local_core_" "atlasqtl" "FUN" "lapply" "sapply" "replicate" 
"inv_mills_ratio_" "update_Z_" "eval" "eval" "with.default" "with" "atlasqtl_global_local_core_" "atlasqtl" "FUN" "lapply" "sapply" "replicate" 
"update_Z_" "eval" "eval" "with.default" "with" "atlasqtl_global_local_core_" "atlasqtl" "FUN" "lapply" "sapply" "replicate" 
"pnorm" "eval" "eval" "with.default" "with" "atlasqtl_global_local_core_" "atlasqtl" "FUN" "lapply" "sapply" "replicate" 
"eval" "eval" "with.default" "with" "atlasqtl_global_local_core_" "atlasqtl" "FUN" "lapply" "sapply" "replicate" 
"pnorm" "eval" "eval" "with.default" "with" "atlasqtl_global_local_core_" "atlasqtl" "FUN" "lapply" "sapply" "replicate" 
"prod" "colSums" "as.vector" "update_zeta_vb_" "eval" "eval" "with.default" "with" "atlasqtl_global_local_core_" "atlasqtl" "FUN" "lapply" "sapply" "replicate" 
"coreDualLoop" "eval" "eval" "with.default" "with" "atlasqtl_global_local_core_" "atlasqtl" "FUN" "lapply" "sapply" "replicate" 
"coreDualLoop" "eval" "eval" "with.default" "with" "atlasqtl_global_local_core_" "atlasqtl" "FUN" "lapply" "sapply" "replicate" 
"coreDualLoop" "eval" "eval" "with.default" "with" "atlasqtl_global_local_core_" "atlasqtl" "FUN" "lapply" "sapply" "replicate" 
"coreDualLoop" "eval" "eval" "with.default" "with" "atlasqtl_global_local_core_" "atlasqtl" "FUN" "lapply" "sapply" "replicate" 
"pnorm" "eval" "eval" "with.default" "with" "atlasqtl_global_local_core_" "atlasqtl" "FUN" "lapply" "sapply" "replicate" 
"coreDualLoop" "eval" "eval" "with.default" "with" "atlasqtl_global_local_core_" "atlasqtl" "FUN" "lapply" "sapply" "replicate" 
"tcrossprod" "sweep" "eval" "eval" "with.default" "with" "atlasqtl_global_local_core_" "atlasqtl" "FUN" "lapply" "sapply" "replicate" 
"update_kappa_vb_" "eval" "eval" "with.default" "with" "atlasqtl_global_local_core_" "atlasqtl" "FUN" "lapply" "sapply" "replicate" 
"pnorm" "eval" "eval" "with.default" "with" "atlasqtl_global_local_core_" "atlasqtl" "FUN" "lapply" "sapply" "replicate" 
"pnorm" "eval" "eval" "with.default" "with" "atlasqtl_global_local_core_" "atlasqtl" "FUN" "lapply" "sapply" "replicate" 
"inv_mills_ratio_" "update_Z_" "eval" "eval" "with.default" "with" "atlasqtl_global_local_core_" "atlasqtl" "FUN" "lapply" "sapply" "replicate" 
"pnorm" "eval" "eval" "with.default" "with" "atlasqtl_global_local_core_" "atlasqtl" "FUN" "lapply" "sapply" "replicate" 
"coreDualLoop" "eval" "eval" "with.default" "with" "atlasqtl_global_local_core_" "atlasqtl" "FUN" "lapply" "sapply" "replicate" 
"pnorm" "update_Z_" "eval" "eval" "with.default" "with" "atlasqtl_global_local_core_" "atlasqtl" "FUN" "lapply" "sapply" "replicate" 
"inv_mills_ratio_" "update_Z_" "eval" "eval" "with.default" "with" "atlasqtl_global_local_core_" "atlasqtl" "FUN" "lapply" "sapply" "replicate" 
"inv_mills_ratio_" "update_Z_" "eval" "eval" "with.default" "with" "atlasqtl_global_local_core_" "atlasqtl" "FUN" "lapply" "sapply" "replicate" 
"inv_mills_ratio_" "update_Z_" "eval" "eval" "with.default" "with" "atlasqtl_global_local_core_" "atlasqtl" "FUN" "lapply" "sapply" "replicate" 
"pnorm" "eval" "eval" "with.default" "with" "atlasqtl_global_local_core_" "atlasqtl" "FUN" "lapply" "sapply" "replicate" 
"pnorm" "update_Z_" "eval" "eval" "with.default" "with" "atlasqtl_global_local_core_" "atlasqtl" "FUN" "lapply" "sapply" "replicate" 
"update_m2_beta_" "eval" "eval" "with.default" "with" "atlasqtl_global_local_core_" "atlasqtl" "FUN" "lapply" "sapply" "replicate" 
"inv_mills_ratio_" "update_Z_" "eval" "eval" "with.default" "with" "atlasqtl_global_local_core_" "atlasqtl" "FUN" "lapply" "sapply" "replicate" 
"pnorm" "eval" "eval" "with.default" "with" "atlasqtl_global_local_core_" "atlasqtl" "FUN" "lapply" "sapply" "replicate" 
"stopifnot" "sample.int" "sample" "eval" "eval" "with.default" "with" "atlasqtl_global_local_core_" "atlasqtl" "FUN" "lapply" "sapply" "replicate" 
"pnorm" "eval" "eval" "with.default" "with" "atlasqtl_global_local_core_" "atlasqtl" "FUN" "lapply" "sapply" "replicate" 
"pnorm" "eval" "eval" "with.default" "with" "atlasqtl_global_local_core_" "atlasqtl" "FUN" "lapply" "sapply" "replicate" 
"coreDualLoop" "eval" "eval" "with.default" "with" "atlasqtl_global_local_core_" "atlasqtl" "FUN" "lapply" "sapply" "replicate" 
"coreDualLoop" "eval" "eval" "with.default" "with" "atlasqtl_global_local_core_" "atlasqtl" "FUN" "lapply" "sapply" "replicate" 
"coreDualLoop" "eval" "eval" "with.default" "with" "atlasqtl_global_local_core_" "atlasqtl" "FUN" "lapply" "sapply" "replicate" 
".C" "gsl::gamma_inc" "update_annealed_lam2_inv_vb_" "eval" "eval" "with.default" "with" "atlasqtl_global_local_core_" "atlasqtl" "FUN" "lapply" "sapply" "replicate" 
"update_m2_beta_" "eval" "eval" "with.default" "with" "atlasqtl_global_local_core_" "atlasqtl" "FUN" "lapply" "sapply" "replicate" 
"inv_mills_ratio_" "update_Z_" "eval" "eval" "with.default" "with" "atlasqtl_global_local_core_" "atlasqtl" "FUN" "lapply" "sapply" "replicate" 
"inv_mills_ratio_" "update_Z_" "eval" "eval" "with.default" "with" "atlasqtl_global_local_core_" "atlasqtl" "FUN" "lapply" "sapply" "replicate" 
"coreDualLoop" "eval" "eval" "with.default" "with" "atlasqtl_global_local_core_" "atlasqtl" "FUN" "lapply" "sapply" "replicate" 
"pnorm" "update_Z_" "eval" "eval" "with.default" "with" "atlasqtl_global_local_core_" "atlasqtl" "FUN" "lapply" "sapply" "replicate" 
"pnorm" "update_Z_" "eval" "eval" "with.default" "with" "atlasqtl_global_local_core_" "atlasqtl" "FUN" "lapply" "sapply" "replicate" 
"coreDualLoop" "eval" "eval" "with.default" "with" "atlasqtl_global_local_core_" "atlasqtl" "FUN" "lapply" "sapply" "replicate" 
"inv_mills_ratio_" "update_Z_" "eval" "eval" "with.default" "with" "atlasqtl_global_local_core_" "atlasqtl" "FUN" "lapply" "sapply" "replicate" 
".C" "gsl::expint_E1" "Q_approx_vec" "eval" "eval" "with.default" "with" "atlasqtl_global_local_core_" "atlasqtl" "FUN" "lapply" "sapply" "replicate" 
"pnorm" "eval" "eval" "with.default" "with" "atlasqtl_global_local_core_" "atlasqtl" "FUN" "lapply" "sapply" "replicate" 
"pnorm" "eval" "eval" "with.default" "with" "atlasqtl_global_local_core_" "atlasqtl" "FUN" "lapply" "sapply" "replicate" 
"is.data.frame" "colSums" "update_kappa_vb_" "eval" "eval" "with.default" "with" "atlasqtl_global_local_core_" "atlasqtl" "FUN" "lapply" "sapply" "replicate" 
"all.equal.numeric" "all.equal" "isTRUE" "update_Z_" "eval" "eval" "with.default" "with" "atlasqtl_global_local_core_" "atlasqtl" "FUN" "lapply" "sapply" "replicate" 
"coreDualLoop" "eval" "eval" "with.default" "with" "atlasqtl_global_local_core_" "atlasqtl" "FUN" "lapply" "sapply" "replicate" 
"pnorm" "eval" "eval" "with.default" "with" "atlasqtl_global_local_core_" "atlasqtl" "FUN" "lapply" "sapply" "replicate" 
"aperm.default" "aperm" "sweep" "update_m2_beta_" "eval" "eval" "with.default" "with" "atlasqtl_global_local_core_" "atlasqtl" "FUN" "lapply" "sapply" "replicate" 
"aperm.default" "aperm" "sweep" "eval" "eval" "with.default" "with" "atlasqtl_global_local_core_" "atlasqtl" "FUN" "lapply" "sapply" "replicate" 
"coreDualLoop" "eval" "eval" "with.default" "with" "atlasqtl_global_local_core_" "atlasqtl" "FUN" "lapply" "sapply" "replicate" 
"pnorm" "eval" "eval" "with.default" "with" "atlasqtl_global_local_core_" "atlasqtl" "FUN" "lapply" "sapply" "replicate" 
"pnorm" "eval" "eval" "with.default" "with" "atlasqtl_global_local_core_" "atlasqtl" "FUN" "lapply" "sapply" "replicate" 
"pnorm" "eval" "eval" "with.default" "with" "atlasqtl_global_local_core_" "atlasqtl" "FUN" "lapply" "sapply" "replicate" 
"coreDualLoop" "eval" "eval" "with.default" "with" "atlasqtl_global_local_core_" "atlasqtl" "FUN" "lapply" "sapply" "replicate" 
"update_eta_vb_" "eval" "eval" "with.default" "with" "atlasqtl_global_local_core_" "atlasqtl" "FUN" "lapply" "sapply" "replicate" 
"inv_mills_ratio_" "update_Z_" "eval" "eval" "with.default" "with" "atlasqtl_global_local_core_" "atlasqtl" "FUN" "lapply" "sapply" "replicate" 
"coreDualLoop" "eval" "eval" "with.default" "with" "atlasqtl_global_local_core_" "atlasqtl" "FUN" "lapply" "sapply" "replicate" 
"sweep" "update_m2_beta_" "eval" "eval" "with.default" "with" "atlasqtl_global_local_core_" "atlasqtl" "FUN" "lapply" "sapply" "replicate" 
"coreDualLoop" "eval" "eval" "with.default" "with" "atlasqtl_global_local_core_" "atlasqtl" "FUN" "lapply" "sapply" "replicate" 
"pnorm" "update_Z_" "eval" "eval" "with.default" "with" "atlasqtl_global_local_core_" "atlasqtl" "FUN" "lapply" "sapply" "replicate" 
"pnorm" "update_Z_" "eval" "eval" "with.default" "with" "atlasqtl_global_local_core_" "atlasqtl" "FUN" "lapply" "sapply" "replicate" 
"pnorm" "eval" "eval" "with.default" "with" "atlasqtl_global_local_core_" "atlasqtl" "FUN" "lapply" "sapply" "replicate" 
"inv_mills_ratio_" "update_Z_" "eval" "eval" "with.default" "with" "atlasqtl_global_local_core_" "atlasqtl" "FUN" "lapply" "sapply" "replicate" 
"inv_mills_ratio_" "update_Z_" "eval" "eval" "with.default" "with" "atlasqtl_global_local_core_" "atlasqtl" "FUN" "lapply" "sapply" "replicate" 
"tcrossprod" "sweep" "eval" "eval" "with.default" "with" "atlasqtl_global_local_core_" "atlasqtl" "FUN" "lapply" "sapply" "replicate" 
"inv_mills_ratio_" "update_Z_" "eval" "eval" "with.default" "with" "atlasqtl_global_local_core_" "atlasqtl" "FUN" "lapply" "sapply" "replicate" 
"coreDualLoop" "eval" "eval" "with.default" "with" "atlasqtl_global_local_core_" "atlasqtl" "FUN" "lapply" "sapply" "replicate" 
"coreDualLoop" "eval" "eval" "with.default" "with" "atlasqtl_global_local_core_" "atlasqtl" "FUN" "lapply" "sapply" "replicate" 
"inv_mills_ratio_" "update_Z_" "eval" "eval" "with.default" "with" "atlasqtl_global_local_core_" "atlasqtl" "FUN" "lapply" "sapply" "replicate" 
"apply" "scale.default" "scale" "prepare_data_" "atlasqtl" "FUN" "lapply" "sapply" "replicate" 
"pnorm" "update_Z_" "eval" "eval" "with.default" "with" "atlasqtl_global_local_core_" "atlasqtl" "FUN" "lapply" "sapply" "replicate" 
"eval" "eval" "with.default" "with" "atlasqtl_global_local_core_" "atlasqtl" "FUN" "lapply" "sapply" "replicate" 
"coreDualLoop" "eval" "eval" "with.default" "with" "atlasqtl_global_local_core_" "atlasqtl" "FUN" "lapply" "sapply" "replicate" 
"colSums" "update_kappa_vb_" "eval" "eval" "with.default" "with" "atlasqtl_global_local_core_" "atlasqtl" "FUN" "lapply" "sapply" "replicate" 
"paste0" "prepare_data_" "atlasqtl" "FUN" "lapply" "sapply" "replicate" 
"pnorm" "eval" "eval" "with.default" "with" "atlasqtl_global_local_core_" "atlasqtl" "FUN" "lapply" "sapply" "replicate" 
"inv_mills_ratio_" "update_Z_" "eval" "eval" "with.default" "with" "atlasqtl_global_local_core_" "atlasqtl" "FUN" "lapply" "sapply" "replicate" 
"update_Z_" "eval" "eval" "with.default" "with" "atlasqtl_global_local_core_" "atlasqtl" "FUN" "lapply" "sapply" "replicate" 
"inv_mills_ratio_" "update_Z_" "eval" "eval" "with.default" "with" "atlasqtl_global_local_core_" "atlasqtl" "FUN" "lapply" "sapply" "replicate" 
"pnorm" "eval" "eval" "with.default" "with" "atlasqtl_global_local_core_" "atlasqtl" "FUN" "lapply" "sapply" "replicate" 
"pnorm" "atlasqtl_global_local_core_" "atlasqtl" "FUN" "lapply" "sapply" "replicate" 
"coreDualLoop" "eval" "eval" "with.default" "with" "atlasqtl_global_local_core_" "atlasqtl" "FUN" "lapply" "sapply" "replicate" 
"pnorm" "update_Z_" "eval" "eval" "with.default" "with" "atlasqtl_global_local_core_" "atlasqtl" "FUN" "lapply" "sapply" "replicate" 
"coreDualLoop" "eval" "eval" "with.default" "with" "atlasqtl_global_local_core_" "atlasqtl" "FUN" "lapply" "sapply" "replicate" 
"coreDualLoop" "eval" "eval" "with.default" "with" "atlasqtl_global_local_core_" "atlasqtl" "FUN" "lapply" "sapply" "replicate" 
"eval" "match.arg" "order" "aperm.default" "aperm" "sweep" "update_m2_beta_" "eval" "eval" "with.default" "with" "atlasqtl_global_local_core_" "atlasqtl" "FUN" "lapply" "sapply" "replicate" 
"pnorm" "update_Z_" "eval" "eval" "with.default" "with" "atlasqtl_global_local_core_" "atlasqtl" "FUN" "lapply" "sapply" "replicate" 
"inv_mills_ratio_" "update_Z_" "eval" "eval" "with.default" "with" "atlasqtl_global_local_core_" "atlasqtl" "FUN" "lapply" "sapply" "replicate" 
"inv_mills_ratio_" "update_Z_" "eval" "eval" "with.default" "with" "atlasqtl_global_local_core_" "atlasqtl" "FUN" "lapply" "sapply" "replicate" 
"update_nu_vb_" "eval" "eval" "with.default" "with" "atlasqtl_global_local_core_" "atlasqtl" "FUN" "lapply" "sapply" "replicate" 
"coreDualLoop" "eval" "eval" "with.default" "with" "atlasqtl_global_local_core_" "atlasqtl" "FUN" "lapply" "sapply" "replicate" 
"as.character" "setNames" "create_named_list_" "eval" "eval" "with.default" "with" "atlasqtl_global_local_core_" "atlasqtl" "FUN" "lapply" "sapply" "replicate" 
"aperm.default" "aperm" "sweep" "update_m2_beta_" "eval" "eval" "with.default" "with" "atlasqtl_global_local_core_" "atlasqtl" "FUN" "lapply" "sapply" "replicate" 
"pnorm" "eval" "eval" "with.default" "with" "atlasqtl_global_local_core_" "atlasqtl" "FUN" "lapply" "sapply" "replicate" 
"coreDualLoop" "eval" "eval" "with.default" "with" "atlasqtl_global_local_core_" "atlasqtl" "FUN" "lapply" "sapply" "replicate" 
"update_Z_" "eval" "eval" "with.default" "with" "atlasqtl_global_local_core_" "atlasqtl" "FUN" "lapply" "sapply" "replicate" 
"coreDualLoop" "eval" "eval" "with.default" "with" "atlasqtl_global_local_core_" "atlasqtl" "FUN" "lapply" "sapply" "replicate" 
"pnorm" "eval" "eval" "with.default" "with" "atlasqtl_global_local_core_" "atlasqtl" "FUN" "lapply" "sapply" "replicate" 
"pnorm" "eval" "eval" "with.default" "with" "atlasqtl_global_local_core_" "atlasqtl" "FUN" "lapply" "sapply" "replicate" 
"sum" "update_nu_vb_" "eval" "eval" "with.default" "with" "atlasqtl_global_local_core_" "atlasqtl" "FUN" "lapply" "sapply" "replicate" 
"inv_mills_ratio_" "update_Z_" "eval" "eval" "with.default" "with" "atlasqtl_global_local_core_" "atlasqtl" "FUN" "lapply" "sapply" "replicate" 
"pnorm" "update_Z_" "eval" "eval" "with.default" "with" "atlasqtl_global_local_core_" "atlasqtl" "FUN" "lapply" "sapply" "replicate" 
"pnorm" "eval" "eval" "with.default" "with" "atlasqtl_global_local_core_" "atlasqtl" "FUN" "lapply" "sapply" "replicate" 
"coreDualLoop" "eval" "eval" "with.default" "with" "atlasqtl_global_local_core_" "atlasqtl" "FUN" "lapply" "sapply" "replicate" 
"update_m2_beta_" "eval" "eval" "with.default" "with" "atlasqtl_global_local_core_" "atlasqtl" "FUN" "lapply" "sapply" "replicate" 
"pnorm" "eval" "eval" "with.default" "with" "atlasqtl_global_local_core_" "atlasqtl" "FUN" "lapply" "sapply" "replicate" 
"coreDualLoop" "eval" "eval" "with.default" "with" "atlasqtl_global_local_core_" "atlasqtl" "FUN" "lapply" "sapply" "replicate" 
"rnorm" "matrix" "auto_set_init_" "prepare_list_init_" "atlasqtl" "FUN" "lapply" "sapply" "replicate" 
"rowSums" "update_theta_vb_" "eval" "eval" "with.default" "with" "atlasqtl_global_local_core_" "atlasqtl" "FUN" "lapply" "sapply" "replicate" 
"pnorm" "eval" "eval" "with.default" "with" "atlasqtl_global_local_core_" "atlasqtl" "FUN" "lapply" "sapply" "replicate" 
"pnorm" "eval" "eval" "with.default" "with" "atlasqtl_global_local_core_" "atlasqtl" "FUN" "lapply" "sapply" "replicate" 
"coreDualLoop" "eval" "eval" "with.default" "with" "atlasqtl_global_local_core_" "atlasqtl" "FUN" "lapply" "sapply" "replicate" 
